{"/Users/zhoufu/project/iNTUition/extension/vite.content.config.ts": {"path":"/Users/zhoufu/project/iNTUition/extension/vite.content.config.ts","all":true,"statementMap":{"0":{"start":{"line":1,"column":0},"end":{"line":1,"column":35}},"1":{"start":{"line":2,"column":0},"end":{"line":2,"column":40}},"2":{"start":{"line":3,"column":0},"end":{"line":3,"column":30}},"4":{"start":{"line":5,"column":0},"end":{"line":5,"column":29}},"5":{"start":{"line":6,"column":0},"end":{"line":6,"column":21}},"6":{"start":{"line":7,"column":0},"end":{"line":7,"column":10}},"7":{"start":{"line":8,"column":0},"end":{"line":8,"column":64}},"8":{"start":{"line":9,"column":0},"end":{"line":9,"column":19}},"9":{"start":{"line":10,"column":0},"end":{"line":10,"column":10}},"10":{"start":{"line":11,"column":0},"end":{"line":11,"column":57}},"11":{"start":{"line":12,"column":0},"end":{"line":12,"column":26}},"12":{"start":{"line":13,"column":0},"end":{"line":13,"column":45}},"13":{"start":{"line":14,"column":0},"end":{"line":14,"column":67}},"14":{"start":{"line":15,"column":0},"end":{"line":15,"column":6}},"15":{"start":{"line":16,"column":0},"end":{"line":16,"column":20}},"16":{"start":{"line":17,"column":0},"end":{"line":17,"column":15}},"18":{"start":{"line":19,"column":0},"end":{"line":19,"column":35}},"19":{"start":{"line":20,"column":0},"end":{"line":20,"column":7}},"20":{"start":{"line":21,"column":0},"end":{"line":21,"column":5}},"21":{"start":{"line":22,"column":0},"end":{"line":22,"column":4}},"22":{"start":{"line":23,"column":0},"end":{"line":23,"column":11}},"23":{"start":{"line":24,"column":0},"end":{"line":24,"column":43}},"24":{"start":{"line":25,"column":0},"end":{"line":25,"column":3}},"25":{"start":{"line":26,"column":0},"end":{"line":26,"column":2}}},"s":{"0":0,"1":0,"2":0,"4":0,"5":0,"6":0,"7":0,"8":0,"9":0,"10":0,"11":0,"12":0,"13":0,"14":0,"15":0,"16":0,"18":0,"19":0,"20":0,"21":0,"22":0,"23":0,"24":0,"25":0},"branchMap":{"0":{"type":"branch","line":1,"loc":{"start":{"line":1,"column":668},"end":{"line":26,"column":2}},"locations":[{"start":{"line":1,"column":668},"end":{"line":26,"column":2}}]}},"b":{"0":[0]},"fnMap":{"0":{"name":"(empty-report)","decl":{"start":{"line":1,"column":668},"end":{"line":26,"column":2}},"loc":{"start":{"line":1,"column":668},"end":{"line":26,"column":2}},"line":1}},"f":{"0":0}}
,"/Users/zhoufu/project/iNTUition/extension/src/App.tsx": {"path":"/Users/zhoufu/project/iNTUition/extension/src/App.tsx","all":false,"statementMap":{"0":{"start":{"line":1,"column":0},"end":{"line":1,"column":65}},"1":{"start":{"line":2,"column":0},"end":{"line":2,"column":19}},"2":{"start":{"line":3,"column":0},"end":{"line":3,"column":59}},"44":{"start":{"line":45,"column":0},"end":{"line":45,"column":38}},"45":{"start":{"line":46,"column":0},"end":{"line":46,"column":64}},"46":{"start":{"line":47,"column":0},"end":{"line":47,"column":113}},"47":{"start":{"line":48,"column":0},"end":{"line":48,"column":116}},"48":{"start":{"line":49,"column":0},"end":{"line":49,"column":112}},"49":{"start":{"line":50,"column":0},"end":{"line":50,"column":92}},"50":{"start":{"line":51,"column":0},"end":{"line":51,"column":2}},"52":{"start":{"line":53,"column":0},"end":{"line":53,"column":103}},"54":{"start":{"line":55,"column":0},"end":{"line":55,"column":16}},"55":{"start":{"line":56,"column":0},"end":{"line":56,"column":83}},"56":{"start":{"line":57,"column":0},"end":{"line":57,"column":52}},"57":{"start":{"line":58,"column":0},"end":{"line":58,"column":61}},"58":{"start":{"line":59,"column":0},"end":{"line":59,"column":48}},"59":{"start":{"line":60,"column":0},"end":{"line":60,"column":56}},"60":{"start":{"line":61,"column":0},"end":{"line":61,"column":49}},"61":{"start":{"line":62,"column":0},"end":{"line":62,"column":58}},"62":{"start":{"line":63,"column":0},"end":{"line":63,"column":79}},"63":{"start":{"line":64,"column":0},"end":{"line":64,"column":64}},"64":{"start":{"line":65,"column":0},"end":{"line":65,"column":58}},"67":{"start":{"line":68,"column":0},"end":{"line":68,"column":19}},"68":{"start":{"line":69,"column":0},"end":{"line":69,"column":58}},"69":{"start":{"line":70,"column":0},"end":{"line":70,"column":56}},"70":{"start":{"line":71,"column":0},"end":{"line":71,"column":58}},"71":{"start":{"line":72,"column":0},"end":{"line":72,"column":50}},"72":{"start":{"line":73,"column":0},"end":{"line":73,"column":39}},"73":{"start":{"line":74,"column":0},"end":{"line":74,"column":59}},"74":{"start":{"line":75,"column":0},"end":{"line":75,"column":15}},"75":{"start":{"line":76,"column":0},"end":{"line":76,"column":11}},"76":{"start":{"line":77,"column":0},"end":{"line":77,"column":5}},"77":{"start":{"line":78,"column":0},"end":{"line":78,"column":9}},"79":{"start":{"line":80,"column":0},"end":{"line":80,"column":71}},"80":{"start":{"line":81,"column":0},"end":{"line":81,"column":25}},"81":{"start":{"line":82,"column":0},"end":{"line":82,"column":46}},"83":{"start":{"line":84,"column":0},"end":{"line":84,"column":9}},"84":{"start":{"line":85,"column":0},"end":{"line":85,"column":70}},"85":{"start":{"line":86,"column":0},"end":{"line":86,"column":23}},"86":{"start":{"line":87,"column":0},"end":{"line":87,"column":56}},"87":{"start":{"line":88,"column":0},"end":{"line":88,"column":78}},"88":{"start":{"line":89,"column":0},"end":{"line":89,"column":9}},"90":{"start":{"line":91,"column":0},"end":{"line":91,"column":62}},"92":{"start":{"line":93,"column":0},"end":{"line":93,"column":47}},"93":{"start":{"line":94,"column":0},"end":{"line":94,"column":40}},"94":{"start":{"line":95,"column":0},"end":{"line":95,"column":22}},"96":{"start":{"line":97,"column":0},"end":{"line":97,"column":20}},"97":{"start":{"line":98,"column":0},"end":{"line":98,"column":52}},"98":{"start":{"line":99,"column":0},"end":{"line":99,"column":24}},"100":{"start":{"line":101,"column":0},"end":{"line":101,"column":58}},"101":{"start":{"line":102,"column":0},"end":{"line":102,"column":41}},"102":{"start":{"line":103,"column":0},"end":{"line":103,"column":35}},"104":{"start":{"line":105,"column":0},"end":{"line":105,"column":35}},"105":{"start":{"line":106,"column":0},"end":{"line":106,"column":42}},"106":{"start":{"line":107,"column":0},"end":{"line":107,"column":17}},"107":{"start":{"line":108,"column":0},"end":{"line":108,"column":57}},"108":{"start":{"line":109,"column":0},"end":{"line":109,"column":48}},"110":{"start":{"line":111,"column":0},"end":{"line":111,"column":45}},"111":{"start":{"line":112,"column":0},"end":{"line":112,"column":38}},"112":{"start":{"line":113,"column":0},"end":{"line":113,"column":26}},"113":{"start":{"line":114,"column":0},"end":{"line":114,"column":55}},"114":{"start":{"line":115,"column":0},"end":{"line":115,"column":20}},"115":{"start":{"line":116,"column":0},"end":{"line":116,"column":51}},"116":{"start":{"line":117,"column":0},"end":{"line":117,"column":37}},"117":{"start":{"line":118,"column":0},"end":{"line":118,"column":96}},"118":{"start":{"line":119,"column":0},"end":{"line":119,"column":57}},"119":{"start":{"line":120,"column":0},"end":{"line":120,"column":90}},"120":{"start":{"line":121,"column":0},"end":{"line":121,"column":75}},"121":{"start":{"line":122,"column":0},"end":{"line":122,"column":28}},"122":{"start":{"line":123,"column":0},"end":{"line":123,"column":55}},"123":{"start":{"line":124,"column":0},"end":{"line":124,"column":21}},"124":{"start":{"line":125,"column":0},"end":{"line":125,"column":60}},"125":{"start":{"line":126,"column":0},"end":{"line":126,"column":19}},"126":{"start":{"line":127,"column":0},"end":{"line":127,"column":50}},"127":{"start":{"line":128,"column":0},"end":{"line":128,"column":40}},"128":{"start":{"line":129,"column":0},"end":{"line":129,"column":15}},"129":{"start":{"line":130,"column":0},"end":{"line":130,"column":25}},"130":{"start":{"line":131,"column":0},"end":{"line":131,"column":62}},"131":{"start":{"line":132,"column":0},"end":{"line":132,"column":13}},"132":{"start":{"line":133,"column":0},"end":{"line":133,"column":11}},"133":{"start":{"line":134,"column":0},"end":{"line":134,"column":9}},"134":{"start":{"line":135,"column":0},"end":{"line":135,"column":7}},"135":{"start":{"line":136,"column":0},"end":{"line":136,"column":24}},"136":{"start":{"line":137,"column":0},"end":{"line":137,"column":51}},"137":{"start":{"line":138,"column":0},"end":{"line":138,"column":15}},"138":{"start":{"line":139,"column":0},"end":{"line":139,"column":28}},"139":{"start":{"line":140,"column":0},"end":{"line":140,"column":5}},"140":{"start":{"line":141,"column":0},"end":{"line":141,"column":20}},"142":{"start":{"line":143,"column":0},"end":{"line":143,"column":54}},"143":{"start":{"line":144,"column":0},"end":{"line":144,"column":9}},"144":{"start":{"line":145,"column":0},"end":{"line":145,"column":85}},"145":{"start":{"line":146,"column":0},"end":{"line":146,"column":49}},"146":{"start":{"line":147,"column":0},"end":{"line":147,"column":27}},"147":{"start":{"line":148,"column":0},"end":{"line":148,"column":60}},"148":{"start":{"line":149,"column":0},"end":{"line":149,"column":34}},"149":{"start":{"line":150,"column":0},"end":{"line":150,"column":45}},"150":{"start":{"line":151,"column":0},"end":{"line":151,"column":43}},"151":{"start":{"line":152,"column":0},"end":{"line":152,"column":32}},"152":{"start":{"line":153,"column":0},"end":{"line":153,"column":14}},"153":{"start":{"line":154,"column":0},"end":{"line":154,"column":11}},"154":{"start":{"line":155,"column":0},"end":{"line":155,"column":31}},"156":{"start":{"line":157,"column":0},"end":{"line":157,"column":34}},"157":{"start":{"line":158,"column":0},"end":{"line":158,"column":68}},"158":{"start":{"line":159,"column":0},"end":{"line":159,"column":9}},"159":{"start":{"line":160,"column":0},"end":{"line":160,"column":17}},"160":{"start":{"line":161,"column":0},"end":{"line":161,"column":53}},"161":{"start":{"line":162,"column":0},"end":{"line":162,"column":5}},"162":{"start":{"line":163,"column":0},"end":{"line":163,"column":4}},"165":{"start":{"line":166,"column":0},"end":{"line":166,"column":19}},"166":{"start":{"line":167,"column":0},"end":{"line":167,"column":31}},"167":{"start":{"line":168,"column":0},"end":{"line":168,"column":62}},"168":{"start":{"line":169,"column":0},"end":{"line":169,"column":69}},"169":{"start":{"line":170,"column":0},"end":{"line":170,"column":45}},"170":{"start":{"line":171,"column":0},"end":{"line":171,"column":94}},"171":{"start":{"line":172,"column":0},"end":{"line":172,"column":74}},"172":{"start":{"line":173,"column":0},"end":{"line":173,"column":17}},"173":{"start":{"line":174,"column":0},"end":{"line":174,"column":15}},"174":{"start":{"line":175,"column":0},"end":{"line":175,"column":9}},"175":{"start":{"line":176,"column":0},"end":{"line":176,"column":6}},"176":{"start":{"line":177,"column":0},"end":{"line":177,"column":18}},"177":{"start":{"line":178,"column":0},"end":{"line":178,"column":9}},"180":{"start":{"line":181,"column":0},"end":{"line":181,"column":84}},"181":{"start":{"line":182,"column":0},"end":{"line":182,"column":34}},"182":{"start":{"line":183,"column":0},"end":{"line":183,"column":67}},"183":{"start":{"line":184,"column":0},"end":{"line":184,"column":25}},"184":{"start":{"line":185,"column":0},"end":{"line":185,"column":30}},"185":{"start":{"line":186,"column":0},"end":{"line":186,"column":76}},"186":{"start":{"line":187,"column":0},"end":{"line":187,"column":12}},"187":{"start":{"line":188,"column":0},"end":{"line":188,"column":14}},"188":{"start":{"line":189,"column":0},"end":{"line":189,"column":63}},"189":{"start":{"line":190,"column":0},"end":{"line":190,"column":7}},"191":{"start":{"line":192,"column":0},"end":{"line":192,"column":33}},"193":{"start":{"line":194,"column":0},"end":{"line":194,"column":60}},"194":{"start":{"line":195,"column":0},"end":{"line":195,"column":68}},"195":{"start":{"line":196,"column":0},"end":{"line":196,"column":7}},"198":{"start":{"line":199,"column":0},"end":{"line":199,"column":11}},"199":{"start":{"line":200,"column":0},"end":{"line":200,"column":55}},"200":{"start":{"line":201,"column":0},"end":{"line":201,"column":29}},"201":{"start":{"line":202,"column":0},"end":{"line":202,"column":62}},"202":{"start":{"line":203,"column":0},"end":{"line":203,"column":47}},"203":{"start":{"line":204,"column":0},"end":{"line":204,"column":13}},"204":{"start":{"line":205,"column":0},"end":{"line":205,"column":19}},"205":{"start":{"line":206,"column":0},"end":{"line":206,"column":67}},"206":{"start":{"line":207,"column":0},"end":{"line":207,"column":7}},"207":{"start":{"line":208,"column":0},"end":{"line":208,"column":4}},"210":{"start":{"line":211,"column":0},"end":{"line":211,"column":49}},"211":{"start":{"line":212,"column":0},"end":{"line":212,"column":21}},"212":{"start":{"line":213,"column":0},"end":{"line":213,"column":17}},"213":{"start":{"line":214,"column":0},"end":{"line":214,"column":46}},"214":{"start":{"line":215,"column":0},"end":{"line":215,"column":23}},"215":{"start":{"line":216,"column":0},"end":{"line":216,"column":27}},"216":{"start":{"line":217,"column":0},"end":{"line":217,"column":30}},"218":{"start":{"line":219,"column":0},"end":{"line":219,"column":9}},"219":{"start":{"line":220,"column":0},"end":{"line":220,"column":58}},"220":{"start":{"line":221,"column":0},"end":{"line":221,"column":67}},"221":{"start":{"line":222,"column":0},"end":{"line":222,"column":7}},"223":{"start":{"line":224,"column":0},"end":{"line":224,"column":83}},"224":{"start":{"line":225,"column":0},"end":{"line":225,"column":21}},"225":{"start":{"line":226,"column":0},"end":{"line":226,"column":64}},"226":{"start":{"line":227,"column":0},"end":{"line":227,"column":54}},"227":{"start":{"line":228,"column":0},"end":{"line":228,"column":7}},"229":{"start":{"line":230,"column":0},"end":{"line":230,"column":53}},"230":{"start":{"line":231,"column":0},"end":{"line":231,"column":22}},"231":{"start":{"line":232,"column":0},"end":{"line":232,"column":11}},"232":{"start":{"line":233,"column":0},"end":{"line":233,"column":83}},"233":{"start":{"line":234,"column":0},"end":{"line":234,"column":30}},"234":{"start":{"line":235,"column":0},"end":{"line":235,"column":75}},"235":{"start":{"line":236,"column":0},"end":{"line":236,"column":72}},"236":{"start":{"line":237,"column":0},"end":{"line":237,"column":89}},"237":{"start":{"line":238,"column":0},"end":{"line":238,"column":9}},"238":{"start":{"line":239,"column":0},"end":{"line":239,"column":107}},"239":{"start":{"line":240,"column":0},"end":{"line":240,"column":7}},"241":{"start":{"line":242,"column":0},"end":{"line":242,"column":31}},"242":{"start":{"line":243,"column":0},"end":{"line":243,"column":64}},"243":{"start":{"line":244,"column":0},"end":{"line":244,"column":7}},"245":{"start":{"line":246,"column":0},"end":{"line":246,"column":79}},"247":{"start":{"line":248,"column":0},"end":{"line":248,"column":30}},"250":{"start":{"line":251,"column":0},"end":{"line":251,"column":39}},"252":{"start":{"line":253,"column":0},"end":{"line":253,"column":71}},"253":{"start":{"line":254,"column":0},"end":{"line":254,"column":24}},"254":{"start":{"line":255,"column":0},"end":{"line":255,"column":33}},"255":{"start":{"line":256,"column":0},"end":{"line":256,"column":31}},"256":{"start":{"line":257,"column":0},"end":{"line":257,"column":50}},"257":{"start":{"line":258,"column":0},"end":{"line":258,"column":27}},"258":{"start":{"line":259,"column":0},"end":{"line":259,"column":8}},"260":{"start":{"line":261,"column":0},"end":{"line":261,"column":63}},"261":{"start":{"line":262,"column":0},"end":{"line":262,"column":23}},"262":{"start":{"line":263,"column":0},"end":{"line":263,"column":56}},"263":{"start":{"line":264,"column":0},"end":{"line":264,"column":38}},"264":{"start":{"line":265,"column":0},"end":{"line":265,"column":9}},"266":{"start":{"line":267,"column":0},"end":{"line":267,"column":64}},"267":{"start":{"line":268,"column":0},"end":{"line":268,"column":23}},"268":{"start":{"line":269,"column":0},"end":{"line":269,"column":37}},"269":{"start":{"line":270,"column":0},"end":{"line":270,"column":7}},"271":{"start":{"line":272,"column":0},"end":{"line":272,"column":25}},"272":{"start":{"line":273,"column":0},"end":{"line":273,"column":48}},"273":{"start":{"line":274,"column":0},"end":{"line":274,"column":60}},"274":{"start":{"line":275,"column":0},"end":{"line":275,"column":90}},"275":{"start":{"line":276,"column":0},"end":{"line":276,"column":7}},"277":{"start":{"line":278,"column":0},"end":{"line":278,"column":43}},"278":{"start":{"line":279,"column":0},"end":{"line":279,"column":52}},"280":{"start":{"line":281,"column":0},"end":{"line":281,"column":62}},"281":{"start":{"line":282,"column":0},"end":{"line":282,"column":40}},"283":{"start":{"line":284,"column":0},"end":{"line":284,"column":44}},"284":{"start":{"line":285,"column":0},"end":{"line":285,"column":34}},"285":{"start":{"line":286,"column":0},"end":{"line":286,"column":28}},"286":{"start":{"line":287,"column":0},"end":{"line":287,"column":49}},"287":{"start":{"line":288,"column":0},"end":{"line":288,"column":59}},"288":{"start":{"line":289,"column":0},"end":{"line":289,"column":54}},"289":{"start":{"line":290,"column":0},"end":{"line":290,"column":54}},"290":{"start":{"line":291,"column":0},"end":{"line":291,"column":52}},"291":{"start":{"line":292,"column":0},"end":{"line":292,"column":52}},"292":{"start":{"line":293,"column":0},"end":{"line":293,"column":55}},"293":{"start":{"line":294,"column":0},"end":{"line":294,"column":15}},"294":{"start":{"line":295,"column":0},"end":{"line":295,"column":13}},"297":{"start":{"line":298,"column":0},"end":{"line":298,"column":23}},"298":{"start":{"line":299,"column":0},"end":{"line":299,"column":46}},"299":{"start":{"line":300,"column":0},"end":{"line":300,"column":26}},"300":{"start":{"line":301,"column":0},"end":{"line":301,"column":13}},"301":{"start":{"line":302,"column":0},"end":{"line":302,"column":32}},"304":{"start":{"line":305,"column":0},"end":{"line":305,"column":48}},"305":{"start":{"line":306,"column":0},"end":{"line":306,"column":55}},"306":{"start":{"line":307,"column":0},"end":{"line":307,"column":48}},"307":{"start":{"line":308,"column":0},"end":{"line":308,"column":11}},"308":{"start":{"line":309,"column":0},"end":{"line":309,"column":118}},"311":{"start":{"line":312,"column":0},"end":{"line":312,"column":52}},"312":{"start":{"line":313,"column":0},"end":{"line":313,"column":23}},"313":{"start":{"line":314,"column":0},"end":{"line":314,"column":115}},"314":{"start":{"line":315,"column":0},"end":{"line":315,"column":51}},"315":{"start":{"line":316,"column":0},"end":{"line":316,"column":13}},"316":{"start":{"line":317,"column":0},"end":{"line":317,"column":14}},"317":{"start":{"line":318,"column":0},"end":{"line":318,"column":23}},"318":{"start":{"line":319,"column":0},"end":{"line":319,"column":91}},"319":{"start":{"line":320,"column":0},"end":{"line":320,"column":25}},"320":{"start":{"line":321,"column":0},"end":{"line":321,"column":13}},"321":{"start":{"line":322,"column":0},"end":{"line":322,"column":7}},"323":{"start":{"line":324,"column":0},"end":{"line":324,"column":24}},"325":{"start":{"line":326,"column":0},"end":{"line":326,"column":24}},"326":{"start":{"line":327,"column":0},"end":{"line":327,"column":45}},"327":{"start":{"line":328,"column":0},"end":{"line":328,"column":60}},"328":{"start":{"line":329,"column":0},"end":{"line":329,"column":24}},"329":{"start":{"line":330,"column":0},"end":{"line":330,"column":5}},"330":{"start":{"line":331,"column":0},"end":{"line":331,"column":41}},"332":{"start":{"line":333,"column":0},"end":{"line":333,"column":49}},"333":{"start":{"line":334,"column":0},"end":{"line":334,"column":19}},"334":{"start":{"line":335,"column":0},"end":{"line":335,"column":45}},"335":{"start":{"line":336,"column":0},"end":{"line":336,"column":22}},"337":{"start":{"line":338,"column":0},"end":{"line":338,"column":19}},"338":{"start":{"line":339,"column":0},"end":{"line":339,"column":60}},"339":{"start":{"line":340,"column":0},"end":{"line":340,"column":67}},"340":{"start":{"line":341,"column":0},"end":{"line":341,"column":7}},"341":{"start":{"line":342,"column":0},"end":{"line":342,"column":9}},"343":{"start":{"line":344,"column":0},"end":{"line":344,"column":19}},"344":{"start":{"line":345,"column":0},"end":{"line":345,"column":32}},"345":{"start":{"line":346,"column":0},"end":{"line":346,"column":62}},"346":{"start":{"line":347,"column":0},"end":{"line":347,"column":107}},"347":{"start":{"line":348,"column":0},"end":{"line":348,"column":51}},"348":{"start":{"line":349,"column":0},"end":{"line":349,"column":74}},"349":{"start":{"line":350,"column":0},"end":{"line":350,"column":73}},"350":{"start":{"line":351,"column":0},"end":{"line":351,"column":47}},"351":{"start":{"line":352,"column":0},"end":{"line":352,"column":17}},"352":{"start":{"line":353,"column":0},"end":{"line":353,"column":89}},"353":{"start":{"line":354,"column":0},"end":{"line":354,"column":68}},"354":{"start":{"line":355,"column":0},"end":{"line":355,"column":78}},"355":{"start":{"line":356,"column":0},"end":{"line":356,"column":45}},"356":{"start":{"line":357,"column":0},"end":{"line":357,"column":17}},"357":{"start":{"line":358,"column":0},"end":{"line":358,"column":15}},"358":{"start":{"line":359,"column":0},"end":{"line":359,"column":9}},"359":{"start":{"line":360,"column":0},"end":{"line":360,"column":6}},"361":{"start":{"line":362,"column":0},"end":{"line":362,"column":19}},"363":{"start":{"line":364,"column":0},"end":{"line":364,"column":65}},"364":{"start":{"line":365,"column":0},"end":{"line":365,"column":124}},"365":{"start":{"line":366,"column":0},"end":{"line":366,"column":27}},"366":{"start":{"line":367,"column":0},"end":{"line":367,"column":9}},"367":{"start":{"line":368,"column":0},"end":{"line":368,"column":6}},"369":{"start":{"line":370,"column":0},"end":{"line":370,"column":58}},"370":{"start":{"line":371,"column":0},"end":{"line":371,"column":66}},"371":{"start":{"line":372,"column":0},"end":{"line":372,"column":5}},"373":{"start":{"line":374,"column":0},"end":{"line":374,"column":18}},"374":{"start":{"line":375,"column":0},"end":{"line":375,"column":62}},"375":{"start":{"line":376,"column":0},"end":{"line":376,"column":73}},"376":{"start":{"line":377,"column":0},"end":{"line":377,"column":9}},"377":{"start":{"line":378,"column":0},"end":{"line":378,"column":6}},"378":{"start":{"line":379,"column":0},"end":{"line":379,"column":34}},"380":{"start":{"line":381,"column":0},"end":{"line":381,"column":45}},"381":{"start":{"line":382,"column":0},"end":{"line":382,"column":9}},"382":{"start":{"line":383,"column":0},"end":{"line":383,"column":61}},"383":{"start":{"line":384,"column":0},"end":{"line":384,"column":27}},"384":{"start":{"line":385,"column":0},"end":{"line":385,"column":60}},"385":{"start":{"line":386,"column":0},"end":{"line":386,"column":43}},"386":{"start":{"line":387,"column":0},"end":{"line":387,"column":11}},"387":{"start":{"line":388,"column":0},"end":{"line":388,"column":68}},"389":{"start":{"line":390,"column":0},"end":{"line":390,"column":48}},"390":{"start":{"line":391,"column":0},"end":{"line":391,"column":56}},"391":{"start":{"line":392,"column":0},"end":{"line":392,"column":42}},"392":{"start":{"line":393,"column":0},"end":{"line":393,"column":21}},"393":{"start":{"line":394,"column":0},"end":{"line":394,"column":24}},"394":{"start":{"line":395,"column":0},"end":{"line":395,"column":46}},"395":{"start":{"line":396,"column":0},"end":{"line":396,"column":5}},"396":{"start":{"line":397,"column":0},"end":{"line":397,"column":4}},"398":{"start":{"line":399,"column":0},"end":{"line":399,"column":55}},"399":{"start":{"line":400,"column":0},"end":{"line":400,"column":25}},"400":{"start":{"line":401,"column":0},"end":{"line":401,"column":9}},"401":{"start":{"line":402,"column":0},"end":{"line":402,"column":64}},"402":{"start":{"line":403,"column":0},"end":{"line":403,"column":27}},"403":{"start":{"line":404,"column":0},"end":{"line":404,"column":60}},"404":{"start":{"line":405,"column":0},"end":{"line":405,"column":70}},"405":{"start":{"line":406,"column":0},"end":{"line":406,"column":11}},"406":{"start":{"line":407,"column":0},"end":{"line":407,"column":45}},"408":{"start":{"line":409,"column":0},"end":{"line":409,"column":30}},"409":{"start":{"line":410,"column":0},"end":{"line":410,"column":89}},"410":{"start":{"line":411,"column":0},"end":{"line":411,"column":26}},"411":{"start":{"line":412,"column":0},"end":{"line":412,"column":100}},"412":{"start":{"line":413,"column":0},"end":{"line":413,"column":13}},"413":{"start":{"line":414,"column":0},"end":{"line":414,"column":9}},"414":{"start":{"line":415,"column":0},"end":{"line":415,"column":17}},"415":{"start":{"line":416,"column":0},"end":{"line":416,"column":51}},"416":{"start":{"line":417,"column":0},"end":{"line":417,"column":5}},"417":{"start":{"line":418,"column":0},"end":{"line":418,"column":4}},"419":{"start":{"line":420,"column":0},"end":{"line":420,"column":10}},"420":{"start":{"line":421,"column":0},"end":{"line":421,"column":37}},"421":{"start":{"line":422,"column":0},"end":{"line":422,"column":38}},"422":{"start":{"line":423,"column":0},"end":{"line":423,"column":21}},"423":{"start":{"line":424,"column":0},"end":{"line":424,"column":82}},"424":{"start":{"line":425,"column":0},"end":{"line":425,"column":20}},"425":{"start":{"line":426,"column":0},"end":{"line":426,"column":41}},"426":{"start":{"line":427,"column":0},"end":{"line":427,"column":62}},"427":{"start":{"line":428,"column":0},"end":{"line":428,"column":44}},"428":{"start":{"line":429,"column":0},"end":{"line":429,"column":37}},"429":{"start":{"line":430,"column":0},"end":{"line":430,"column":119}},"431":{"start":{"line":432,"column":0},"end":{"line":432,"column":956}},"432":{"start":{"line":433,"column":0},"end":{"line":433,"column":21}},"433":{"start":{"line":434,"column":0},"end":{"line":434,"column":20}},"434":{"start":{"line":435,"column":0},"end":{"line":435,"column":39}},"435":{"start":{"line":436,"column":0},"end":{"line":436,"column":48}},"436":{"start":{"line":437,"column":0},"end":{"line":437,"column":34}},"437":{"start":{"line":438,"column":0},"end":{"line":438,"column":25}},"438":{"start":{"line":439,"column":0},"end":{"line":439,"column":29}},"439":{"start":{"line":440,"column":0},"end":{"line":440,"column":41}},"440":{"start":{"line":441,"column":0},"end":{"line":441,"column":39}},"441":{"start":{"line":442,"column":0},"end":{"line":442,"column":42}},"442":{"start":{"line":443,"column":0},"end":{"line":443,"column":40}},"443":{"start":{"line":444,"column":0},"end":{"line":444,"column":45}},"444":{"start":{"line":445,"column":0},"end":{"line":445,"column":73}},"445":{"start":{"line":446,"column":0},"end":{"line":446,"column":18}},"446":{"start":{"line":447,"column":0},"end":{"line":447,"column":41}},"448":{"start":{"line":449,"column":0},"end":{"line":449,"column":45}},"449":{"start":{"line":450,"column":0},"end":{"line":450,"column":21}},"450":{"start":{"line":451,"column":0},"end":{"line":451,"column":14}},"451":{"start":{"line":452,"column":0},"end":{"line":452,"column":15}},"453":{"start":{"line":454,"column":0},"end":{"line":454,"column":23}},"454":{"start":{"line":455,"column":0},"end":{"line":455,"column":145}},"455":{"start":{"line":456,"column":0},"end":{"line":456,"column":120}},"456":{"start":{"line":457,"column":0},"end":{"line":457,"column":116}},"458":{"start":{"line":459,"column":0},"end":{"line":459,"column":81}},"459":{"start":{"line":460,"column":0},"end":{"line":460,"column":115}},"460":{"start":{"line":461,"column":0},"end":{"line":461,"column":48}},"461":{"start":{"line":462,"column":0},"end":{"line":462,"column":75}},"462":{"start":{"line":463,"column":0},"end":{"line":463,"column":30}},"463":{"start":{"line":464,"column":0},"end":{"line":464,"column":42}},"464":{"start":{"line":465,"column":0},"end":{"line":465,"column":67}},"465":{"start":{"line":466,"column":0},"end":{"line":466,"column":109}},"467":{"start":{"line":468,"column":0},"end":{"line":468,"column":60}},"468":{"start":{"line":469,"column":0},"end":{"line":469,"column":58}},"469":{"start":{"line":470,"column":0},"end":{"line":470,"column":64}},"470":{"start":{"line":471,"column":0},"end":{"line":471,"column":60}},"471":{"start":{"line":472,"column":0},"end":{"line":472,"column":31}},"472":{"start":{"line":473,"column":0},"end":{"line":473,"column":24}},"473":{"start":{"line":474,"column":0},"end":{"line":474,"column":48}},"474":{"start":{"line":475,"column":0},"end":{"line":475,"column":27}},"475":{"start":{"line":476,"column":0},"end":{"line":476,"column":31}},"476":{"start":{"line":477,"column":0},"end":{"line":477,"column":44}},"477":{"start":{"line":478,"column":0},"end":{"line":478,"column":77}},"478":{"start":{"line":479,"column":0},"end":{"line":479,"column":119}},"479":{"start":{"line":480,"column":0},"end":{"line":480,"column":44}},"480":{"start":{"line":481,"column":0},"end":{"line":481,"column":28}},"481":{"start":{"line":482,"column":0},"end":{"line":482,"column":24}},"482":{"start":{"line":483,"column":0},"end":{"line":483,"column":20}},"484":{"start":{"line":485,"column":0},"end":{"line":485,"column":81}},"485":{"start":{"line":486,"column":0},"end":{"line":486,"column":114}},"486":{"start":{"line":487,"column":0},"end":{"line":487,"column":48}},"487":{"start":{"line":488,"column":0},"end":{"line":488,"column":67}},"488":{"start":{"line":489,"column":0},"end":{"line":489,"column":30}},"489":{"start":{"line":490,"column":0},"end":{"line":490,"column":38}},"490":{"start":{"line":491,"column":0},"end":{"line":491,"column":68}},"491":{"start":{"line":492,"column":0},"end":{"line":492,"column":110}},"493":{"start":{"line":494,"column":0},"end":{"line":494,"column":64}},"494":{"start":{"line":495,"column":0},"end":{"line":495,"column":66}},"495":{"start":{"line":496,"column":0},"end":{"line":496,"column":64}},"496":{"start":{"line":497,"column":0},"end":{"line":497,"column":31}},"497":{"start":{"line":498,"column":0},"end":{"line":498,"column":24}},"498":{"start":{"line":499,"column":0},"end":{"line":499,"column":48}},"499":{"start":{"line":500,"column":0},"end":{"line":500,"column":27}},"500":{"start":{"line":501,"column":0},"end":{"line":501,"column":31}},"501":{"start":{"line":502,"column":0},"end":{"line":502,"column":44}},"502":{"start":{"line":503,"column":0},"end":{"line":503,"column":72}},"503":{"start":{"line":504,"column":0},"end":{"line":504,"column":114}},"504":{"start":{"line":505,"column":0},"end":{"line":505,"column":48}},"505":{"start":{"line":506,"column":0},"end":{"line":506,"column":28}},"506":{"start":{"line":507,"column":0},"end":{"line":507,"column":24}},"507":{"start":{"line":508,"column":0},"end":{"line":508,"column":20}},"509":{"start":{"line":510,"column":0},"end":{"line":510,"column":81}},"510":{"start":{"line":511,"column":0},"end":{"line":511,"column":111}},"511":{"start":{"line":512,"column":0},"end":{"line":512,"column":48}},"512":{"start":{"line":513,"column":0},"end":{"line":513,"column":68}},"513":{"start":{"line":514,"column":0},"end":{"line":514,"column":30}},"514":{"start":{"line":515,"column":0},"end":{"line":515,"column":35}},"515":{"start":{"line":516,"column":0},"end":{"line":516,"column":65}},"516":{"start":{"line":517,"column":0},"end":{"line":517,"column":107}},"518":{"start":{"line":519,"column":0},"end":{"line":519,"column":64}},"519":{"start":{"line":520,"column":0},"end":{"line":520,"column":65}},"520":{"start":{"line":521,"column":0},"end":{"line":521,"column":62}},"521":{"start":{"line":522,"column":0},"end":{"line":522,"column":31}},"522":{"start":{"line":523,"column":0},"end":{"line":523,"column":24}},"523":{"start":{"line":524,"column":0},"end":{"line":524,"column":48}},"524":{"start":{"line":525,"column":0},"end":{"line":525,"column":27}},"525":{"start":{"line":526,"column":0},"end":{"line":526,"column":31}},"526":{"start":{"line":527,"column":0},"end":{"line":527,"column":44}},"527":{"start":{"line":528,"column":0},"end":{"line":528,"column":71}},"528":{"start":{"line":529,"column":0},"end":{"line":529,"column":113}},"529":{"start":{"line":530,"column":0},"end":{"line":530,"column":40}},"530":{"start":{"line":531,"column":0},"end":{"line":531,"column":28}},"531":{"start":{"line":532,"column":0},"end":{"line":532,"column":24}},"532":{"start":{"line":533,"column":0},"end":{"line":533,"column":20}},"534":{"start":{"line":535,"column":0},"end":{"line":535,"column":81}},"535":{"start":{"line":536,"column":0},"end":{"line":536,"column":113}},"536":{"start":{"line":537,"column":0},"end":{"line":537,"column":48}},"537":{"start":{"line":538,"column":0},"end":{"line":538,"column":27}},"538":{"start":{"line":539,"column":0},"end":{"line":539,"column":31}},"539":{"start":{"line":540,"column":0},"end":{"line":540,"column":44}},"540":{"start":{"line":541,"column":0},"end":{"line":541,"column":69}},"541":{"start":{"line":542,"column":0},"end":{"line":542,"column":111}},"542":{"start":{"line":543,"column":0},"end":{"line":543,"column":49}},"543":{"start":{"line":544,"column":0},"end":{"line":544,"column":28}},"544":{"start":{"line":545,"column":0},"end":{"line":545,"column":24}},"545":{"start":{"line":546,"column":0},"end":{"line":546,"column":20}},"546":{"start":{"line":547,"column":0},"end":{"line":547,"column":20}},"548":{"start":{"line":549,"column":0},"end":{"line":549,"column":10}},"549":{"start":{"line":550,"column":0},"end":{"line":550,"column":33}},"550":{"start":{"line":551,"column":0},"end":{"line":551,"column":206}},"551":{"start":{"line":552,"column":0},"end":{"line":552,"column":115}},"552":{"start":{"line":553,"column":0},"end":{"line":553,"column":105}},"553":{"start":{"line":554,"column":0},"end":{"line":554,"column":159}},"554":{"start":{"line":555,"column":0},"end":{"line":555,"column":22}},"557":{"start":{"line":558,"column":0},"end":{"line":558,"column":80}},"559":{"start":{"line":560,"column":0},"end":{"line":560,"column":46}},"560":{"start":{"line":561,"column":0},"end":{"line":561,"column":51}},"561":{"start":{"line":562,"column":0},"end":{"line":562,"column":56}},"562":{"start":{"line":563,"column":0},"end":{"line":563,"column":81}},"563":{"start":{"line":564,"column":0},"end":{"line":564,"column":22}},"566":{"start":{"line":567,"column":0},"end":{"line":567,"column":82}},"567":{"start":{"line":568,"column":0},"end":{"line":568,"column":79}},"568":{"start":{"line":569,"column":0},"end":{"line":569,"column":37}},"569":{"start":{"line":570,"column":0},"end":{"line":570,"column":50}},"570":{"start":{"line":571,"column":0},"end":{"line":571,"column":50}},"571":{"start":{"line":572,"column":0},"end":{"line":572,"column":49}},"572":{"start":{"line":573,"column":0},"end":{"line":573,"column":49}},"573":{"start":{"line":574,"column":0},"end":{"line":574,"column":46}},"574":{"start":{"line":575,"column":0},"end":{"line":575,"column":57}},"575":{"start":{"line":576,"column":0},"end":{"line":576,"column":22}},"577":{"start":{"line":578,"column":0},"end":{"line":578,"column":38}},"578":{"start":{"line":579,"column":0},"end":{"line":579,"column":67}},"579":{"start":{"line":580,"column":0},"end":{"line":580,"column":47}},"580":{"start":{"line":581,"column":0},"end":{"line":581,"column":45}},"581":{"start":{"line":582,"column":0},"end":{"line":582,"column":51}},"582":{"start":{"line":583,"column":0},"end":{"line":583,"column":48}},"583":{"start":{"line":584,"column":0},"end":{"line":584,"column":53}},"584":{"start":{"line":585,"column":0},"end":{"line":585,"column":47}},"585":{"start":{"line":586,"column":0},"end":{"line":586,"column":27}},"586":{"start":{"line":587,"column":0},"end":{"line":587,"column":137}},"587":{"start":{"line":588,"column":0},"end":{"line":588,"column":102}},"588":{"start":{"line":589,"column":0},"end":{"line":589,"column":150}},"589":{"start":{"line":590,"column":0},"end":{"line":590,"column":150}},"590":{"start":{"line":591,"column":0},"end":{"line":591,"column":34}},"591":{"start":{"line":592,"column":0},"end":{"line":592,"column":30}},"593":{"start":{"line":594,"column":0},"end":{"line":594,"column":22}},"595":{"start":{"line":596,"column":0},"end":{"line":596,"column":11}},"597":{"start":{"line":598,"column":0},"end":{"line":598,"column":11}},"599":{"start":{"line":600,"column":0},"end":{"line":600,"column":1}},"601":{"start":{"line":602,"column":0},"end":{"line":602,"column":19}}},"s":{"0":1,"1":1,"2":1,"44":1,"45":1,"46":1,"47":1,"48":1,"49":1,"50":1,"52":1,"54":57,"55":57,"56":57,"57":57,"58":57,"59":57,"60":57,"61":57,"62":57,"63":57,"64":57,"67":57,"68":17,"69":17,"70":17,"71":16,"72":16,"73":16,"74":16,"75":17,"76":17,"77":57,"79":57,"80":13,"81":13,"83":13,"84":13,"85":13,"86":13,"87":13,"88":13,"90":13,"92":9,"93":9,"94":9,"96":13,"97":12,"98":12,"100":3,"101":3,"102":3,"104":12,"105":6,"106":3,"107":3,"108":3,"110":3,"111":1,"112":1,"113":1,"114":1,"115":3,"116":1,"117":1,"118":0,"119":1,"120":0,"121":0,"122":0,"123":0,"124":0,"125":1,"126":1,"127":1,"128":1,"129":3,"130":0,"131":0,"132":3,"133":6,"134":3,"135":13,"136":4,"137":13,"138":13,"139":13,"140":57,"142":57,"143":2,"144":2,"145":2,"146":2,"147":2,"148":2,"149":2,"150":2,"151":2,"152":2,"153":2,"154":2,"156":2,"157":1,"158":1,"159":2,"160":0,"161":0,"162":2,"165":57,"166":17,"167":17,"168":17,"169":16,"170":0,"171":0,"172":0,"173":17,"174":17,"175":17,"176":17,"177":57,"180":57,"181":6,"182":6,"183":6,"184":6,"185":6,"186":6,"187":6,"188":0,"189":0,"191":6,"193":6,"194":6,"195":6,"198":6,"199":6,"200":6,"201":6,"202":6,"203":6,"204":6,"205":0,"206":0,"207":6,"210":57,"211":13,"212":13,"213":13,"214":13,"215":13,"216":13,"218":13,"219":13,"220":0,"221":0,"223":13,"224":13,"225":0,"226":0,"227":0,"229":13,"230":13,"231":13,"232":13,"233":13,"234":0,"235":0,"236":0,"237":0,"238":0,"239":0,"241":13,"242":0,"243":0,"245":13,"247":13,"250":13,"252":13,"253":13,"254":13,"255":13,"256":13,"257":13,"258":13,"260":13,"261":13,"262":13,"263":13,"264":13,"266":12,"267":12,"268":12,"269":12,"271":13,"272":0,"273":0,"274":0,"275":0,"277":12,"278":12,"280":13,"281":6,"283":6,"284":6,"285":6,"286":6,"287":6,"288":6,"289":6,"290":6,"291":6,"292":6,"293":6,"294":6,"297":6,"298":6,"299":6,"300":6,"301":6,"304":6,"305":0,"306":0,"307":0,"308":6,"311":6,"312":1,"313":1,"314":1,"315":1,"316":5,"317":4,"318":4,"319":4,"320":4,"321":4,"323":12,"325":13,"326":1,"327":1,"328":1,"329":1,"330":57,"332":57,"333":57,"334":23,"335":57,"337":57,"338":17,"339":17,"340":17,"341":57,"343":57,"344":39,"345":39,"346":39,"347":38,"348":3,"349":3,"350":3,"351":3,"352":38,"353":2,"354":2,"355":2,"356":2,"357":39,"358":39,"359":39,"361":39,"363":39,"364":0,"365":0,"366":0,"367":0,"369":39,"370":39,"371":39,"373":39,"374":39,"375":39,"376":39,"377":39,"378":57,"380":57,"381":1,"382":1,"383":1,"384":1,"385":1,"386":1,"387":1,"389":0,"390":0,"391":0,"392":0,"393":1,"394":1,"395":1,"396":1,"398":57,"399":2,"400":2,"401":2,"402":2,"403":2,"404":2,"405":2,"406":1,"408":1,"409":1,"410":1,"411":1,"412":1,"413":1,"414":2,"415":1,"416":1,"417":2,"419":57,"420":57,"421":57,"422":57,"423":57,"424":57,"425":57,"426":57,"427":57,"428":57,"429":57,"431":57,"432":57,"433":57,"434":57,"435":57,"436":57,"437":57,"438":57,"439":57,"440":57,"441":57,"442":57,"443":57,"444":57,"445":57,"446":57,"448":57,"449":57,"450":57,"451":57,"453":57,"454":10,"455":10,"456":10,"458":10,"459":10,"460":10,"461":10,"462":10,"463":10,"464":10,"465":10,"467":10,"468":10,"469":10,"470":10,"471":10,"472":10,"473":10,"474":10,"475":10,"476":10,"477":10,"478":10,"479":10,"480":10,"481":10,"482":10,"484":10,"485":10,"486":10,"487":10,"488":10,"489":10,"490":10,"491":10,"493":10,"494":10,"495":10,"496":10,"497":10,"498":10,"499":10,"500":10,"501":10,"502":10,"503":10,"504":10,"505":10,"506":10,"507":10,"509":10,"510":10,"511":10,"512":10,"513":10,"514":10,"515":10,"516":10,"518":10,"519":10,"520":10,"521":10,"522":10,"523":10,"524":10,"525":10,"526":10,"527":10,"528":10,"529":10,"530":10,"531":10,"532":10,"534":10,"535":10,"536":10,"537":10,"538":10,"539":10,"540":10,"541":10,"542":10,"543":10,"544":10,"545":10,"546":10,"548":47,"549":47,"550":2,"551":2,"552":2,"553":2,"554":2,"557":47,"559":47,"560":12,"561":12,"562":12,"563":12,"566":47,"567":12,"568":12,"569":12,"570":12,"571":12,"572":12,"573":12,"574":12,"575":12,"577":12,"578":7,"579":7,"580":7,"581":7,"582":7,"583":7,"584":7,"585":7,"586":7,"587":7,"588":7,"589":7,"590":7,"591":7,"593":12,"595":47,"597":57,"599":57,"601":1},"branchMap":{"0":{"type":"branch","line":55,"loc":{"start":{"line":55,"column":0},"end":{"line":600,"column":1}},"locations":[{"start":{"line":55,"column":0},"end":{"line":600,"column":1}}]},"1":{"type":"branch","line":445,"loc":{"start":{"line":445,"column":31},"end":{"line":445,"column":67}},"locations":[{"start":{"line":445,"column":31},"end":{"line":445,"column":67}}]},"2":{"type":"branch","line":445,"loc":{"start":{"line":445,"column":41},"end":{"line":445,"column":73}},"locations":[{"start":{"line":445,"column":41},"end":{"line":445,"column":73}}]},"3":{"type":"branch","line":449,"loc":{"start":{"line":449,"column":17},"end":{"line":449,"column":35}},"locations":[{"start":{"line":449,"column":17},"end":{"line":449,"column":35}}]},"4":{"type":"branch","line":449,"loc":{"start":{"line":449,"column":27},"end":{"line":449,"column":45}},"locations":[{"start":{"line":449,"column":27},"end":{"line":449,"column":45}}]},"5":{"type":"branch","line":454,"loc":{"start":{"line":454,"column":7},"end":{"line":547,"column":20}},"locations":[{"start":{"line":454,"column":7},"end":{"line":547,"column":20}}]},"6":{"type":"branch","line":547,"loc":{"start":{"line":547,"column":10},"end":{"line":596,"column":11}},"locations":[{"start":{"line":547,"column":10},"end":{"line":596,"column":11}}]},"7":{"type":"branch","line":550,"loc":{"start":{"line":550,"column":13},"end":{"line":555,"column":22}},"locations":[{"start":{"line":550,"column":13},"end":{"line":555,"column":22}}]},"8":{"type":"branch","line":558,"loc":{"start":{"line":558,"column":13},"end":{"line":558,"column":80}},"locations":[{"start":{"line":558,"column":13},"end":{"line":558,"column":80}}]},"9":{"type":"branch","line":560,"loc":{"start":{"line":560,"column":13},"end":{"line":560,"column":46}},"locations":[{"start":{"line":560,"column":13},"end":{"line":560,"column":46}}]},"10":{"type":"branch","line":560,"loc":{"start":{"line":560,"column":34},"end":{"line":564,"column":22}},"locations":[{"start":{"line":560,"column":34},"end":{"line":564,"column":22}}]},"11":{"type":"branch","line":567,"loc":{"start":{"line":567,"column":14},"end":{"line":567,"column":45}},"locations":[{"start":{"line":567,"column":14},"end":{"line":567,"column":45}}]},"12":{"type":"branch","line":567,"loc":{"start":{"line":567,"column":34},"end":{"line":567,"column":61}},"locations":[{"start":{"line":567,"column":34},"end":{"line":567,"column":61}}]},"13":{"type":"branch","line":567,"loc":{"start":{"line":567,"column":45},"end":{"line":567,"column":82}},"locations":[{"start":{"line":567,"column":45},"end":{"line":567,"column":82}}]},"14":{"type":"branch","line":567,"loc":{"start":{"line":567,"column":70},"end":{"line":594,"column":22}},"locations":[{"start":{"line":567,"column":70},"end":{"line":594,"column":22}}]},"15":{"type":"branch","line":578,"loc":{"start":{"line":578,"column":21},"end":{"line":592,"column":30}},"locations":[{"start":{"line":578,"column":21},"end":{"line":592,"column":30}}]},"16":{"type":"branch","line":68,"loc":{"start":{"line":68,"column":12},"end":{"line":78,"column":5}},"locations":[{"start":{"line":68,"column":12},"end":{"line":78,"column":5}}]},"17":{"type":"branch","line":71,"loc":{"start":{"line":71,"column":45},"end":{"line":76,"column":9}},"locations":[{"start":{"line":71,"column":45},"end":{"line":76,"column":9}}]},"18":{"type":"branch","line":80,"loc":{"start":{"line":80,"column":42},"end":{"line":141,"column":5}},"locations":[{"start":{"line":80,"column":42},"end":{"line":141,"column":5}}]},"19":{"type":"branch","line":89,"loc":{"start":{"line":89,"column":7},"end":{"line":91,"column":32}},"locations":[{"start":{"line":89,"column":7},"end":{"line":91,"column":32}}]},"20":{"type":"branch","line":91,"loc":{"start":{"line":91,"column":26},"end":{"line":91,"column":62}},"locations":[{"start":{"line":91,"column":26},"end":{"line":91,"column":62}}]},"21":{"type":"branch","line":91,"loc":{"start":{"line":91,"column":60},"end":{"line":97,"column":19}},"locations":[{"start":{"line":91,"column":60},"end":{"line":97,"column":19}}]},"22":{"type":"branch","line":97,"loc":{"start":{"line":97,"column":19},"end":{"line":135,"column":7}},"locations":[{"start":{"line":97,"column":19},"end":{"line":135,"column":7}}]},"23":{"type":"branch","line":99,"loc":{"start":{"line":99,"column":18},"end":{"line":99,"column":24}},"locations":[{"start":{"line":99,"column":18},"end":{"line":99,"column":24}}]},"24":{"type":"branch","line":99,"loc":{"start":{"line":99,"column":18},"end":{"line":103,"column":35}},"locations":[{"start":{"line":99,"column":18},"end":{"line":103,"column":35}}]},"25":{"type":"branch","line":105,"loc":{"start":{"line":105,"column":34},"end":{"line":134,"column":9}},"locations":[{"start":{"line":105,"column":34},"end":{"line":134,"column":9}}]},"26":{"type":"branch","line":106,"loc":{"start":{"line":106,"column":41},"end":{"line":133,"column":11}},"locations":[{"start":{"line":106,"column":41},"end":{"line":133,"column":11}}]},"27":{"type":"branch","line":111,"loc":{"start":{"line":111,"column":44},"end":{"line":116,"column":25}},"locations":[{"start":{"line":111,"column":44},"end":{"line":116,"column":25}}]},"28":{"type":"branch","line":116,"loc":{"start":{"line":116,"column":14},"end":{"line":129,"column":15}},"locations":[{"start":{"line":116,"column":14},"end":{"line":129,"column":15}}]},"29":{"type":"branch","line":116,"loc":{"start":{"line":116,"column":50},"end":{"line":129,"column":15}},"locations":[{"start":{"line":116,"column":50},"end":{"line":129,"column":15}}]},"30":{"type":"branch","line":130,"loc":{"start":{"line":130,"column":12},"end":{"line":132,"column":13}},"locations":[{"start":{"line":130,"column":12},"end":{"line":132,"column":13}}]},"31":{"type":"branch","line":134,"loc":{"start":{"line":134,"column":8},"end":{"line":135,"column":7}},"locations":[{"start":{"line":134,"column":8},"end":{"line":135,"column":7}}]},"32":{"type":"branch","line":136,"loc":{"start":{"line":136,"column":4},"end":{"line":138,"column":6}},"locations":[{"start":{"line":136,"column":4},"end":{"line":138,"column":6}}]},"33":{"type":"branch","line":112,"loc":{"start":{"line":112,"column":28},"end":{"line":115,"column":18}},"locations":[{"start":{"line":112,"column":28},"end":{"line":115,"column":18}}]},"34":{"type":"branch","line":117,"loc":{"start":{"line":117,"column":28},"end":{"line":126,"column":17}},"locations":[{"start":{"line":117,"column":28},"end":{"line":126,"column":17}}]},"35":{"type":"branch","line":118,"loc":{"start":{"line":118,"column":94},"end":{"line":120,"column":89}},"locations":[{"start":{"line":118,"column":94},"end":{"line":120,"column":89}}]},"36":{"type":"branch","line":120,"loc":{"start":{"line":120,"column":89},"end":{"line":125,"column":60}},"locations":[{"start":{"line":120,"column":89},"end":{"line":125,"column":60}}]},"37":{"type":"branch","line":143,"loc":{"start":{"line":143,"column":25},"end":{"line":163,"column":4}},"locations":[{"start":{"line":143,"column":25},"end":{"line":163,"column":4}}]},"38":{"type":"branch","line":151,"loc":{"start":{"line":151,"column":26},"end":{"line":151,"column":43}},"locations":[{"start":{"line":151,"column":26},"end":{"line":151,"column":43}}]},"39":{"type":"branch","line":157,"loc":{"start":{"line":157,"column":13},"end":{"line":157,"column":33}},"locations":[{"start":{"line":157,"column":13},"end":{"line":157,"column":33}}]},"40":{"type":"branch","line":157,"loc":{"start":{"line":157,"column":33},"end":{"line":159,"column":9}},"locations":[{"start":{"line":157,"column":33},"end":{"line":159,"column":9}}]},"41":{"type":"branch","line":160,"loc":{"start":{"line":160,"column":4},"end":{"line":162,"column":5}},"locations":[{"start":{"line":160,"column":4},"end":{"line":162,"column":5}}]},"42":{"type":"branch","line":166,"loc":{"start":{"line":166,"column":12},"end":{"line":178,"column":5}},"locations":[{"start":{"line":166,"column":12},"end":{"line":178,"column":5}}]},"43":{"type":"branch","line":167,"loc":{"start":{"line":167,"column":24},"end":{"line":176,"column":6}},"locations":[{"start":{"line":167,"column":24},"end":{"line":176,"column":6}}]},"44":{"type":"branch","line":169,"loc":{"start":{"line":169,"column":56},"end":{"line":174,"column":13}},"locations":[{"start":{"line":169,"column":56},"end":{"line":174,"column":13}}]},"45":{"type":"branch","line":170,"loc":{"start":{"line":170,"column":44},"end":{"line":173,"column":17}},"locations":[{"start":{"line":170,"column":44},"end":{"line":173,"column":17}}]},"46":{"type":"branch","line":181,"loc":{"start":{"line":181,"column":30},"end":{"line":208,"column":4}},"locations":[{"start":{"line":181,"column":30},"end":{"line":208,"column":4}}]},"47":{"type":"branch","line":188,"loc":{"start":{"line":188,"column":6},"end":{"line":190,"column":7}},"locations":[{"start":{"line":188,"column":6},"end":{"line":190,"column":7}}]},"48":{"type":"branch","line":205,"loc":{"start":{"line":205,"column":6},"end":{"line":207,"column":7}},"locations":[{"start":{"line":205,"column":6},"end":{"line":207,"column":7}}]},"49":{"type":"branch","line":211,"loc":{"start":{"line":211,"column":36},"end":{"line":331,"column":5}},"locations":[{"start":{"line":211,"column":36},"end":{"line":331,"column":5}}]},"50":{"type":"branch","line":220,"loc":{"start":{"line":220,"column":57},"end":{"line":222,"column":7}},"locations":[{"start":{"line":220,"column":57},"end":{"line":222,"column":7}}]},"51":{"type":"branch","line":225,"loc":{"start":{"line":225,"column":20},"end":{"line":228,"column":7}},"locations":[{"start":{"line":225,"column":20},"end":{"line":228,"column":7}}]},"52":{"type":"branch","line":234,"loc":{"start":{"line":234,"column":6},"end":{"line":240,"column":7}},"locations":[{"start":{"line":234,"column":6},"end":{"line":240,"column":7}}]},"53":{"type":"branch","line":242,"loc":{"start":{"line":242,"column":30},"end":{"line":244,"column":7}},"locations":[{"start":{"line":242,"column":30},"end":{"line":244,"column":7}}]},"54":{"type":"branch","line":246,"loc":{"start":{"line":246,"column":24},"end":{"line":246,"column":79}},"locations":[{"start":{"line":246,"column":24},"end":{"line":246,"column":79}}]},"55":{"type":"branch","line":265,"loc":{"start":{"line":265,"column":7},"end":{"line":272,"column":24}},"locations":[{"start":{"line":265,"column":7},"end":{"line":272,"column":24}}]},"56":{"type":"branch","line":272,"loc":{"start":{"line":272,"column":24},"end":{"line":276,"column":7}},"locations":[{"start":{"line":272,"column":24},"end":{"line":276,"column":7}}]},"57":{"type":"branch","line":276,"loc":{"start":{"line":276,"column":6},"end":{"line":281,"column":42}},"locations":[{"start":{"line":276,"column":6},"end":{"line":281,"column":42}}]},"58":{"type":"branch","line":281,"loc":{"start":{"line":281,"column":28},"end":{"line":281,"column":61}},"locations":[{"start":{"line":281,"column":28},"end":{"line":281,"column":61}}]},"59":{"type":"branch","line":281,"loc":{"start":{"line":281,"column":61},"end":{"line":322,"column":7}},"locations":[{"start":{"line":281,"column":61},"end":{"line":322,"column":7}}]},"60":{"type":"branch","line":305,"loc":{"start":{"line":305,"column":47},"end":{"line":308,"column":11}},"locations":[{"start":{"line":305,"column":47},"end":{"line":308,"column":11}}]},"61":{"type":"branch","line":309,"loc":{"start":{"line":309,"column":35},"end":{"line":309,"column":84}},"locations":[{"start":{"line":309,"column":35},"end":{"line":309,"column":84}}]},"62":{"type":"branch","line":309,"loc":{"start":{"line":309,"column":71},"end":{"line":309,"column":117}},"locations":[{"start":{"line":309,"column":71},"end":{"line":309,"column":117}}]},"63":{"type":"branch","line":309,"loc":{"start":{"line":309,"column":117},"end":{"line":312,"column":17}},"locations":[{"start":{"line":309,"column":117},"end":{"line":312,"column":17}}]},"64":{"type":"branch","line":312,"loc":{"start":{"line":312,"column":6},"end":{"line":322,"column":7}},"locations":[{"start":{"line":312,"column":6},"end":{"line":322,"column":7}}]},"65":{"type":"branch","line":312,"loc":{"start":{"line":312,"column":51},"end":{"line":317,"column":13}},"locations":[{"start":{"line":312,"column":51},"end":{"line":317,"column":13}}]},"66":{"type":"branch","line":314,"loc":{"start":{"line":314,"column":30},"end":{"line":314,"column":115}},"locations":[{"start":{"line":314,"column":30},"end":{"line":314,"column":115}}]},"67":{"type":"branch","line":317,"loc":{"start":{"line":317,"column":6},"end":{"line":322,"column":7}},"locations":[{"start":{"line":317,"column":6},"end":{"line":322,"column":7}}]},"68":{"type":"branch","line":322,"loc":{"start":{"line":322,"column":6},"end":{"line":326,"column":13}},"locations":[{"start":{"line":322,"column":6},"end":{"line":326,"column":13}}]},"69":{"type":"branch","line":326,"loc":{"start":{"line":326,"column":4},"end":{"line":330,"column":5}},"locations":[{"start":{"line":326,"column":4},"end":{"line":330,"column":5}}]},"70":{"type":"branch","line":328,"loc":{"start":{"line":328,"column":19},"end":{"line":328,"column":58}},"locations":[{"start":{"line":328,"column":19},"end":{"line":328,"column":58}}]},"71":{"type":"branch","line":334,"loc":{"start":{"line":334,"column":12},"end":{"line":336,"column":5}},"locations":[{"start":{"line":334,"column":12},"end":{"line":336,"column":5}}]},"72":{"type":"branch","line":338,"loc":{"start":{"line":338,"column":12},"end":{"line":342,"column":5}},"locations":[{"start":{"line":338,"column":12},"end":{"line":342,"column":5}}]},"73":{"type":"branch","line":344,"loc":{"start":{"line":344,"column":12},"end":{"line":379,"column":5}},"locations":[{"start":{"line":344,"column":12},"end":{"line":379,"column":5}}]},"74":{"type":"branch","line":345,"loc":{"start":{"line":345,"column":25},"end":{"line":360,"column":6}},"locations":[{"start":{"line":345,"column":25},"end":{"line":360,"column":6}}]},"75":{"type":"branch","line":347,"loc":{"start":{"line":347,"column":94},"end":{"line":358,"column":13}},"locations":[{"start":{"line":347,"column":94},"end":{"line":358,"column":13}}]},"76":{"type":"branch","line":348,"loc":{"start":{"line":348,"column":50},"end":{"line":352,"column":17}},"locations":[{"start":{"line":348,"column":50},"end":{"line":352,"column":17}}]},"77":{"type":"branch","line":353,"loc":{"start":{"line":353,"column":27},"end":{"line":353,"column":69}},"locations":[{"start":{"line":353,"column":27},"end":{"line":353,"column":69}}]},"78":{"type":"branch","line":353,"loc":{"start":{"line":353,"column":58},"end":{"line":353,"column":88}},"locations":[{"start":{"line":353,"column":58},"end":{"line":353,"column":88}}]},"79":{"type":"branch","line":353,"loc":{"start":{"line":353,"column":88},"end":{"line":357,"column":17}},"locations":[{"start":{"line":353,"column":88},"end":{"line":357,"column":17}}]},"80":{"type":"branch","line":374,"loc":{"start":{"line":374,"column":11},"end":{"line":378,"column":6}},"locations":[{"start":{"line":374,"column":11},"end":{"line":378,"column":6}}]},"81":{"type":"branch","line":381,"loc":{"start":{"line":381,"column":20},"end":{"line":397,"column":4}},"locations":[{"start":{"line":381,"column":20},"end":{"line":397,"column":4}}]},"82":{"type":"branch","line":388,"loc":{"start":{"line":388,"column":66},"end":{"line":394,"column":13}},"locations":[{"start":{"line":388,"column":66},"end":{"line":394,"column":13}}]},"83":{"type":"branch","line":399,"loc":{"start":{"line":399,"column":28},"end":{"line":418,"column":4}},"locations":[{"start":{"line":399,"column":28},"end":{"line":418,"column":4}}]},"84":{"type":"branch","line":400,"loc":{"start":{"line":400,"column":18},"end":{"line":400,"column":25}},"locations":[{"start":{"line":400,"column":18},"end":{"line":400,"column":25}}]},"85":{"type":"branch","line":406,"loc":{"start":{"line":406,"column":9},"end":{"line":414,"column":9}},"locations":[{"start":{"line":406,"column":9},"end":{"line":414,"column":9}}]},"86":{"type":"branch","line":415,"loc":{"start":{"line":415,"column":4},"end":{"line":417,"column":5}},"locations":[{"start":{"line":415,"column":4},"end":{"line":417,"column":5}}]},"87":{"type":"branch","line":427,"loc":{"start":{"line":427,"column":25},"end":{"line":427,"column":62}},"locations":[{"start":{"line":427,"column":25},"end":{"line":427,"column":62}}]},"88":{"type":"branch","line":436,"loc":{"start":{"line":436,"column":25},"end":{"line":436,"column":48}},"locations":[{"start":{"line":436,"column":25},"end":{"line":436,"column":48}}]},"89":{"type":"branch","line":479,"loc":{"start":{"line":479,"column":38},"end":{"line":479,"column":119}},"locations":[{"start":{"line":479,"column":38},"end":{"line":479,"column":119}}]},"90":{"type":"branch","line":492,"loc":{"start":{"line":492,"column":34},"end":{"line":492,"column":110}},"locations":[{"start":{"line":492,"column":34},"end":{"line":492,"column":110}}]},"91":{"type":"branch","line":504,"loc":{"start":{"line":504,"column":38},"end":{"line":504,"column":114}},"locations":[{"start":{"line":504,"column":38},"end":{"line":504,"column":114}}]},"92":{"type":"branch","line":517,"loc":{"start":{"line":517,"column":34},"end":{"line":517,"column":107}},"locations":[{"start":{"line":517,"column":34},"end":{"line":517,"column":107}}]},"93":{"type":"branch","line":529,"loc":{"start":{"line":529,"column":38},"end":{"line":529,"column":113}},"locations":[{"start":{"line":529,"column":38},"end":{"line":529,"column":113}}]},"94":{"type":"branch","line":542,"loc":{"start":{"line":542,"column":38},"end":{"line":542,"column":111}},"locations":[{"start":{"line":542,"column":38},"end":{"line":542,"column":111}}]},"95":{"type":"branch","line":554,"loc":{"start":{"line":554,"column":110},"end":{"line":554,"column":143}},"locations":[{"start":{"line":554,"column":110},"end":{"line":554,"column":143}}]},"96":{"type":"branch","line":589,"loc":{"start":{"line":589,"column":75},"end":{"line":589,"column":103}},"locations":[{"start":{"line":589,"column":75},"end":{"line":589,"column":103}}]},"97":{"type":"branch","line":590,"loc":{"start":{"line":590,"column":75},"end":{"line":590,"column":104}},"locations":[{"start":{"line":590,"column":75},"end":{"line":590,"column":104}}]}},"b":{"0":[57],"1":[12],"2":[45],"3":[12],"4":[45],"5":[10],"6":[47],"7":[2],"8":[4],"9":[12],"10":[12],"11":[35],"12":[23],"13":[24],"14":[12],"15":[7],"16":[17],"17":[16],"18":[13],"19":[12],"20":[3],"21":[9],"22":[12],"23":[9],"24":[3],"25":[6],"26":[3],"27":[1],"28":[2],"29":[1],"30":[0],"31":[3],"32":[4],"33":[1],"34":[1],"35":[0],"36":[0],"37":[2],"38":[0],"39":[1],"40":[1],"41":[0],"42":[17],"43":[17],"44":[16],"45":[0],"46":[6],"47":[0],"48":[0],"49":[13],"50":[0],"51":[0],"52":[0],"53":[0],"54":[0],"55":[12],"56":[0],"57":[12],"58":[7],"59":[6],"60":[0],"61":[1],"62":[1],"63":[1],"64":[5],"65":[1],"66":[0],"67":[4],"68":[12],"69":[1],"70":[0],"71":[23],"72":[17],"73":[39],"74":[39],"75":[38],"76":[3],"77":[2],"78":[2],"79":[2],"80":[39],"81":[1],"82":[0],"83":[2],"84":[0],"85":[1],"86":[1],"87":[5],"88":[10],"89":[1],"90":[1],"91":[1],"92":[1],"93":[1],"94":[1],"95":[1],"96":[1],"97":[1]},"fnMap":{"0":{"name":"App","decl":{"start":{"line":55,"column":0},"end":{"line":600,"column":1}},"loc":{"start":{"line":55,"column":0},"end":{"line":600,"column":1}},"line":55},"1":{"name":"handleFeedback","decl":{"start":{"line":143,"column":25},"end":{"line":163,"column":4}},"loc":{"start":{"line":143,"column":25},"end":{"line":163,"column":4}},"line":143},"2":{"name":"loadProfile","decl":{"start":{"line":167,"column":24},"end":{"line":176,"column":6}},"loc":{"start":{"line":167,"column":24},"end":{"line":176,"column":6}},"line":167},"3":{"name":"handleProfileChange","decl":{"start":{"line":181,"column":30},"end":{"line":208,"column":4}},"loc":{"start":{"line":181,"column":30},"end":{"line":208,"column":4}},"line":181},"4":{"name":"checkTrigger","decl":{"start":{"line":345,"column":25},"end":{"line":360,"column":6}},"loc":{"start":{"line":345,"column":25},"end":{"line":360,"column":6}},"line":345},"5":{"name":"handleStorageChange","decl":{"start":{"line":364,"column":32},"end":{"line":368,"column":6}},"loc":{"start":{"line":364,"column":32},"end":{"line":368,"column":6}},"line":364},"6":{"name":"handleTTS","decl":{"start":{"line":381,"column":20},"end":{"line":397,"column":4}},"loc":{"start":{"line":381,"column":20},"end":{"line":397,"column":4}},"line":381},"7":{"name":"handleActionClick","decl":{"start":{"line":399,"column":28},"end":{"line":418,"column":4}},"loc":{"start":{"line":399,"column":28},"end":{"line":418,"column":4}},"line":399},"8":{"name":"onClick","decl":{"start":{"line":427,"column":25},"end":{"line":427,"column":62}},"loc":{"start":{"line":427,"column":25},"end":{"line":427,"column":62}},"line":427},"9":{"name":"onClick","decl":{"start":{"line":436,"column":25},"end":{"line":436,"column":48}},"loc":{"start":{"line":436,"column":25},"end":{"line":436,"column":48}},"line":436},"10":{"name":"onChange","decl":{"start":{"line":466,"column":34},"end":{"line":466,"column":109}},"loc":{"start":{"line":466,"column":34},"end":{"line":466,"column":109}},"line":466},"11":{"name":"onChange","decl":{"start":{"line":479,"column":38},"end":{"line":479,"column":119}},"loc":{"start":{"line":479,"column":38},"end":{"line":479,"column":119}},"line":479},"12":{"name":"onChange","decl":{"start":{"line":492,"column":34},"end":{"line":492,"column":110}},"loc":{"start":{"line":492,"column":34},"end":{"line":492,"column":110}},"line":492},"13":{"name":"onChange","decl":{"start":{"line":504,"column":38},"end":{"line":504,"column":114}},"loc":{"start":{"line":504,"column":38},"end":{"line":504,"column":114}},"line":504},"14":{"name":"onChange","decl":{"start":{"line":517,"column":34},"end":{"line":517,"column":107}},"loc":{"start":{"line":517,"column":34},"end":{"line":517,"column":107}},"line":517},"15":{"name":"onChange","decl":{"start":{"line":529,"column":38},"end":{"line":529,"column":113}},"loc":{"start":{"line":529,"column":38},"end":{"line":529,"column":113}},"line":529},"16":{"name":"onChange","decl":{"start":{"line":542,"column":38},"end":{"line":542,"column":111}},"loc":{"start":{"line":542,"column":38},"end":{"line":542,"column":111}},"line":542},"17":{"name":"onClick","decl":{"start":{"line":553,"column":61},"end":{"line":553,"column":84}},"loc":{"start":{"line":553,"column":61},"end":{"line":553,"column":84}},"line":553},"18":{"name":"onClick","decl":{"start":{"line":554,"column":110},"end":{"line":554,"column":143}},"loc":{"start":{"line":554,"column":110},"end":{"line":554,"column":143}},"line":554},"19":{"name":"onClick","decl":{"start":{"line":589,"column":75},"end":{"line":589,"column":103}},"loc":{"start":{"line":589,"column":75},"end":{"line":589,"column":103}},"line":589},"20":{"name":"onClick","decl":{"start":{"line":590,"column":75},"end":{"line":590,"column":104}},"loc":{"start":{"line":590,"column":75},"end":{"line":590,"column":104}},"line":590}},"f":{"0":57,"1":2,"2":17,"3":6,"4":39,"5":0,"6":1,"7":2,"8":5,"9":10,"10":0,"11":1,"12":1,"13":1,"14":1,"15":1,"16":1,"17":0,"18":1,"19":1,"20":1}}
,"/Users/zhoufu/project/iNTUition/extension/src/background.ts": {"path":"/Users/zhoufu/project/iNTUition/extension/src/background.ts","all":false,"statementMap":{"2":{"start":{"line":3,"column":0},"end":{"line":3,"column":54}},"4":{"start":{"line":5,"column":0},"end":{"line":5,"column":89}},"7":{"start":{"line":8,"column":0},"end":{"line":8,"column":16}},"8":{"start":{"line":9,"column":0},"end":{"line":9,"column":53}},"9":{"start":{"line":10,"column":0},"end":{"line":10,"column":75}},"11":{"start":{"line":12,"column":0},"end":{"line":12,"column":72}},"13":{"start":{"line":14,"column":0},"end":{"line":14,"column":53}},"14":{"start":{"line":15,"column":0},"end":{"line":15,"column":41}},"15":{"start":{"line":16,"column":0},"end":{"line":16,"column":67}},"16":{"start":{"line":17,"column":0},"end":{"line":17,"column":5}},"18":{"start":{"line":19,"column":0},"end":{"line":19,"column":28}},"19":{"start":{"line":20,"column":0},"end":{"line":20,"column":54}},"20":{"start":{"line":21,"column":0},"end":{"line":21,"column":11}},"21":{"start":{"line":22,"column":0},"end":{"line":22,"column":3}},"24":{"start":{"line":25,"column":0},"end":{"line":25,"column":48}},"25":{"start":{"line":26,"column":0},"end":{"line":26,"column":41}},"26":{"start":{"line":27,"column":0},"end":{"line":27,"column":33}},"27":{"start":{"line":28,"column":0},"end":{"line":28,"column":22}},"28":{"start":{"line":29,"column":0},"end":{"line":29,"column":81}},"29":{"start":{"line":30,"column":0},"end":{"line":30,"column":5}},"30":{"start":{"line":31,"column":0},"end":{"line":31,"column":45}},"31":{"start":{"line":32,"column":0},"end":{"line":32,"column":1}},"34":{"start":{"line":35,"column":0},"end":{"line":35,"column":53}},"35":{"start":{"line":36,"column":0},"end":{"line":36,"column":37}},"36":{"start":{"line":37,"column":0},"end":{"line":37,"column":46}},"37":{"start":{"line":38,"column":0},"end":{"line":38,"column":78}},"38":{"start":{"line":39,"column":0},"end":{"line":39,"column":3}},"39":{"start":{"line":40,"column":0},"end":{"line":40,"column":3}},"42":{"start":{"line":43,"column":0},"end":{"line":43,"column":73}},"43":{"start":{"line":44,"column":0},"end":{"line":44,"column":60}},"45":{"start":{"line":46,"column":0},"end":{"line":46,"column":55}},"49":{"start":{"line":50,"column":0},"end":{"line":50,"column":44}},"50":{"start":{"line":51,"column":0},"end":{"line":51,"column":34}},"51":{"start":{"line":52,"column":0},"end":{"line":52,"column":21}},"52":{"start":{"line":53,"column":0},"end":{"line":53,"column":54}},"53":{"start":{"line":54,"column":0},"end":{"line":54,"column":49}},"54":{"start":{"line":55,"column":0},"end":{"line":55,"column":6}},"55":{"start":{"line":56,"column":0},"end":{"line":56,"column":40}},"56":{"start":{"line":57,"column":0},"end":{"line":57,"column":60}},"57":{"start":{"line":58,"column":0},"end":{"line":58,"column":64}},"58":{"start":{"line":59,"column":0},"end":{"line":59,"column":75}},"59":{"start":{"line":60,"column":0},"end":{"line":60,"column":4}},"61":{"start":{"line":62,"column":0},"end":{"line":62,"column":46}},"62":{"start":{"line":63,"column":0},"end":{"line":63,"column":85}},"63":{"start":{"line":64,"column":0},"end":{"line":64,"column":90}},"64":{"start":{"line":65,"column":0},"end":{"line":65,"column":37}},"65":{"start":{"line":66,"column":0},"end":{"line":66,"column":66}},"66":{"start":{"line":67,"column":0},"end":{"line":67,"column":14}},"67":{"start":{"line":68,"column":0},"end":{"line":68,"column":34}},"68":{"start":{"line":69,"column":0},"end":{"line":69,"column":7}},"69":{"start":{"line":70,"column":0},"end":{"line":70,"column":7}},"70":{"start":{"line":71,"column":0},"end":{"line":71,"column":16}},"71":{"start":{"line":72,"column":0},"end":{"line":72,"column":3}},"73":{"start":{"line":74,"column":0},"end":{"line":74,"column":44}},"74":{"start":{"line":75,"column":0},"end":{"line":75,"column":18}},"75":{"start":{"line":76,"column":0},"end":{"line":76,"column":11}},"76":{"start":{"line":77,"column":0},"end":{"line":77,"column":77}},"77":{"start":{"line":78,"column":0},"end":{"line":78,"column":52}},"79":{"start":{"line":80,"column":0},"end":{"line":80,"column":83}},"80":{"start":{"line":81,"column":0},"end":{"line":81,"column":60}},"81":{"start":{"line":82,"column":0},"end":{"line":82,"column":21}},"82":{"start":{"line":83,"column":0},"end":{"line":83,"column":58}},"83":{"start":{"line":84,"column":0},"end":{"line":84,"column":64}},"84":{"start":{"line":85,"column":0},"end":{"line":85,"column":7}},"85":{"start":{"line":86,"column":0},"end":{"line":86,"column":9}},"86":{"start":{"line":87,"column":0},"end":{"line":87,"column":16}},"87":{"start":{"line":88,"column":0},"end":{"line":88,"column":4}},"89":{"start":{"line":90,"column":0},"end":{"line":90,"column":43}},"90":{"start":{"line":91,"column":0},"end":{"line":91,"column":18}},"91":{"start":{"line":92,"column":0},"end":{"line":92,"column":11}},"92":{"start":{"line":93,"column":0},"end":{"line":93,"column":77}},"93":{"start":{"line":94,"column":0},"end":{"line":94,"column":52}},"94":{"start":{"line":95,"column":0},"end":{"line":95,"column":82}},"95":{"start":{"line":96,"column":0},"end":{"line":96,"column":54}},"96":{"start":{"line":97,"column":0},"end":{"line":97,"column":21}},"97":{"start":{"line":98,"column":0},"end":{"line":98,"column":57}},"98":{"start":{"line":99,"column":0},"end":{"line":99,"column":64}},"99":{"start":{"line":100,"column":0},"end":{"line":100,"column":7}},"100":{"start":{"line":101,"column":0},"end":{"line":101,"column":9}},"101":{"start":{"line":102,"column":0},"end":{"line":102,"column":16}},"102":{"start":{"line":103,"column":0},"end":{"line":103,"column":4}},"104":{"start":{"line":105,"column":0},"end":{"line":105,"column":42}},"106":{"start":{"line":107,"column":0},"end":{"line":107,"column":83}},"107":{"start":{"line":108,"column":0},"end":{"line":108,"column":48}},"108":{"start":{"line":109,"column":0},"end":{"line":109,"column":17}},"109":{"start":{"line":110,"column":0},"end":{"line":110,"column":3}},"111":{"start":{"line":112,"column":0},"end":{"line":112,"column":46}},"112":{"start":{"line":113,"column":0},"end":{"line":113,"column":72}},"115":{"start":{"line":116,"column":0},"end":{"line":116,"column":62}},"119":{"start":{"line":120,"column":0},"end":{"line":120,"column":76}},"120":{"start":{"line":121,"column":0},"end":{"line":121,"column":48}},"122":{"start":{"line":123,"column":0},"end":{"line":123,"column":56}},"123":{"start":{"line":124,"column":0},"end":{"line":124,"column":66}},"124":{"start":{"line":125,"column":0},"end":{"line":125,"column":110}},"125":{"start":{"line":126,"column":0},"end":{"line":126,"column":9}},"126":{"start":{"line":127,"column":0},"end":{"line":127,"column":7}},"127":{"start":{"line":128,"column":0},"end":{"line":128,"column":7}},"128":{"start":{"line":129,"column":0},"end":{"line":129,"column":3}},"130":{"start":{"line":131,"column":0},"end":{"line":131,"column":45}},"131":{"start":{"line":132,"column":0},"end":{"line":132,"column":72}},"132":{"start":{"line":133,"column":0},"end":{"line":133,"column":67}},"133":{"start":{"line":134,"column":0},"end":{"line":134,"column":3}},"135":{"start":{"line":136,"column":0},"end":{"line":136,"column":15}},"136":{"start":{"line":137,"column":0},"end":{"line":137,"column":3}}},"s":{"2":1,"4":1,"7":1,"8":1,"9":1,"11":5,"13":5,"14":5,"15":5,"16":5,"18":3,"19":1,"20":1,"21":1,"24":2,"25":2,"26":2,"27":2,"28":2,"29":2,"30":2,"31":2,"34":1,"35":2,"36":1,"37":1,"38":1,"39":2,"42":1,"43":12,"45":12,"49":2,"50":2,"51":2,"52":2,"53":2,"54":2,"55":2,"56":2,"57":2,"58":2,"59":2,"61":10,"62":2,"63":2,"64":2,"65":1,"66":1,"67":1,"68":1,"69":2,"70":2,"71":2,"73":8,"74":3,"75":3,"76":3,"77":3,"79":2,"80":2,"81":3,"82":1,"83":1,"84":1,"85":3,"86":3,"87":3,"89":5,"90":2,"91":2,"92":2,"93":2,"94":1,"95":1,"96":1,"97":1,"98":1,"99":1,"100":2,"101":2,"102":2,"104":3,"106":1,"107":1,"108":1,"109":1,"111":2,"112":1,"115":1,"119":1,"120":1,"122":1,"123":1,"124":1,"125":1,"126":1,"127":1,"128":1,"130":2,"131":1,"132":1,"133":1,"135":2,"136":2},"branchMap":{"0":{"type":"branch","line":12,"loc":{"start":{"line":12,"column":0},"end":{"line":32,"column":1}},"locations":[{"start":{"line":12,"column":0},"end":{"line":32,"column":1}}]},"1":{"type":"branch","line":17,"loc":{"start":{"line":17,"column":3},"end":{"line":32,"column":1}},"locations":[{"start":{"line":17,"column":3},"end":{"line":32,"column":1}}]},"2":{"type":"branch","line":19,"loc":{"start":{"line":19,"column":27},"end":{"line":22,"column":3}},"locations":[{"start":{"line":19,"column":27},"end":{"line":22,"column":3}}]},"3":{"type":"branch","line":22,"loc":{"start":{"line":22,"column":2},"end":{"line":32,"column":1}},"locations":[{"start":{"line":22,"column":2},"end":{"line":32,"column":1}}]},"4":{"type":"branch","line":35,"loc":{"start":{"line":35,"column":39},"end":{"line":40,"column":3}},"locations":[{"start":{"line":35,"column":39},"end":{"line":40,"column":3}}]},"5":{"type":"branch","line":36,"loc":{"start":{"line":36,"column":36},"end":{"line":39,"column":3}},"locations":[{"start":{"line":36,"column":36},"end":{"line":39,"column":3}}]},"6":{"type":"branch","line":43,"loc":{"start":{"line":43,"column":37},"end":{"line":137,"column":3}},"locations":[{"start":{"line":43,"column":37},"end":{"line":137,"column":3}}]},"7":{"type":"branch","line":46,"loc":{"start":{"line":46,"column":23},"end":{"line":46,"column":54}},"locations":[{"start":{"line":46,"column":23},"end":{"line":46,"column":54}}]},"8":{"type":"branch","line":46,"loc":{"start":{"line":46,"column":54},"end":{"line":60,"column":4}},"locations":[{"start":{"line":46,"column":54},"end":{"line":60,"column":4}}]},"9":{"type":"branch","line":60,"loc":{"start":{"line":60,"column":2},"end":{"line":137,"column":3}},"locations":[{"start":{"line":60,"column":2},"end":{"line":137,"column":3}}]},"10":{"type":"branch","line":62,"loc":{"start":{"line":62,"column":45},"end":{"line":72,"column":3}},"locations":[{"start":{"line":62,"column":45},"end":{"line":72,"column":3}}]},"11":{"type":"branch","line":63,"loc":{"start":{"line":63,"column":28},"end":{"line":63,"column":45}},"locations":[{"start":{"line":63,"column":28},"end":{"line":63,"column":45}}]},"12":{"type":"branch","line":63,"loc":{"start":{"line":63,"column":33},"end":{"line":63,"column":82}},"locations":[{"start":{"line":63,"column":33},"end":{"line":63,"column":82}}]},"13":{"type":"branch","line":63,"loc":{"start":{"line":63,"column":61},"end":{"line":63,"column":85}},"locations":[{"start":{"line":63,"column":61},"end":{"line":63,"column":85}}]},"14":{"type":"branch","line":72,"loc":{"start":{"line":72,"column":2},"end":{"line":137,"column":3}},"locations":[{"start":{"line":72,"column":2},"end":{"line":137,"column":3}}]},"15":{"type":"branch","line":74,"loc":{"start":{"line":74,"column":43},"end":{"line":88,"column":4}},"locations":[{"start":{"line":74,"column":43},"end":{"line":88,"column":4}}]},"16":{"type":"branch","line":88,"loc":{"start":{"line":88,"column":2},"end":{"line":137,"column":3}},"locations":[{"start":{"line":88,"column":2},"end":{"line":137,"column":3}}]},"17":{"type":"branch","line":90,"loc":{"start":{"line":90,"column":42},"end":{"line":103,"column":4}},"locations":[{"start":{"line":90,"column":42},"end":{"line":103,"column":4}}]},"18":{"type":"branch","line":103,"loc":{"start":{"line":103,"column":2},"end":{"line":137,"column":3}},"locations":[{"start":{"line":103,"column":2},"end":{"line":137,"column":3}}]},"19":{"type":"branch","line":105,"loc":{"start":{"line":105,"column":41},"end":{"line":110,"column":3}},"locations":[{"start":{"line":105,"column":41},"end":{"line":110,"column":3}}]},"20":{"type":"branch","line":110,"loc":{"start":{"line":110,"column":2},"end":{"line":137,"column":3}},"locations":[{"start":{"line":110,"column":2},"end":{"line":137,"column":3}}]},"21":{"type":"branch","line":112,"loc":{"start":{"line":112,"column":45},"end":{"line":129,"column":3}},"locations":[{"start":{"line":112,"column":45},"end":{"line":129,"column":3}}]},"22":{"type":"branch","line":131,"loc":{"start":{"line":131,"column":44},"end":{"line":134,"column":3}},"locations":[{"start":{"line":131,"column":44},"end":{"line":134,"column":3}}]},"23":{"type":"branch","line":56,"loc":{"start":{"line":56,"column":12},"end":{"line":56,"column":39}},"locations":[{"start":{"line":56,"column":12},"end":{"line":56,"column":39}}]},"24":{"type":"branch","line":57,"loc":{"start":{"line":57,"column":12},"end":{"line":57,"column":59}},"locations":[{"start":{"line":57,"column":12},"end":{"line":57,"column":59}}]},"25":{"type":"branch","line":58,"loc":{"start":{"line":58,"column":13},"end":{"line":58,"column":62}},"locations":[{"start":{"line":58,"column":13},"end":{"line":58,"column":62}}]},"26":{"type":"branch","line":64,"loc":{"start":{"line":64,"column":76},"end":{"line":70,"column":5}},"locations":[{"start":{"line":64,"column":76},"end":{"line":70,"column":5}}]},"27":{"type":"branch","line":65,"loc":{"start":{"line":65,"column":36},"end":{"line":69,"column":7}},"locations":[{"start":{"line":65,"column":36},"end":{"line":69,"column":7}}]},"28":{"type":"branch","line":75,"loc":{"start":{"line":75,"column":5},"end":{"line":86,"column":7}},"locations":[{"start":{"line":75,"column":5},"end":{"line":86,"column":7}}]},"29":{"type":"branch","line":77,"loc":{"start":{"line":77,"column":49},"end":{"line":77,"column":77}},"locations":[{"start":{"line":77,"column":49},"end":{"line":77,"column":77}}]},"30":{"type":"branch","line":78,"loc":{"start":{"line":78,"column":50},"end":{"line":82,"column":15}},"locations":[{"start":{"line":78,"column":50},"end":{"line":82,"column":15}}]},"31":{"type":"branch","line":82,"loc":{"start":{"line":82,"column":6},"end":{"line":85,"column":7}},"locations":[{"start":{"line":82,"column":6},"end":{"line":85,"column":7}}]},"32":{"type":"branch","line":91,"loc":{"start":{"line":91,"column":5},"end":{"line":101,"column":7}},"locations":[{"start":{"line":91,"column":5},"end":{"line":101,"column":7}}]},"33":{"type":"branch","line":93,"loc":{"start":{"line":93,"column":49},"end":{"line":93,"column":77}},"locations":[{"start":{"line":93,"column":49},"end":{"line":93,"column":77}}]},"34":{"type":"branch","line":94,"loc":{"start":{"line":94,"column":50},"end":{"line":100,"column":7}},"locations":[{"start":{"line":94,"column":50},"end":{"line":100,"column":7}}]},"35":{"type":"branch","line":120,"loc":{"start":{"line":120,"column":65},"end":{"line":128,"column":5}},"locations":[{"start":{"line":120,"column":65},"end":{"line":128,"column":5}}]}},"b":{"0":[5],"1":[3],"2":[1],"3":[2],"4":[2],"5":[1],"6":[12],"7":[2],"8":[2],"9":[10],"10":[2],"11":[1],"12":[1],"13":[0],"14":[8],"15":[3],"16":[5],"17":[2],"18":[3],"19":[1],"20":[2],"21":[1],"22":[1],"23":[1],"24":[1],"25":[1],"26":[2],"27":[1],"28":[3],"29":[0],"30":[2],"31":[1],"32":[2],"33":[0],"34":[1],"35":[1]},"fnMap":{"0":{"name":"setupOffscreenDocument","decl":{"start":{"line":12,"column":0},"end":{"line":32,"column":1}},"loc":{"start":{"line":12,"column":0},"end":{"line":32,"column":1}},"line":12}},"f":{"0":5}}
,"/Users/zhoufu/project/iNTUition/extension/src/main.tsx": {"path":"/Users/zhoufu/project/iNTUition/extension/src/main.tsx","all":true,"statementMap":{"0":{"start":{"line":1,"column":0},"end":{"line":1,"column":34}},"1":{"start":{"line":2,"column":0},"end":{"line":2,"column":45}},"2":{"start":{"line":3,"column":0},"end":{"line":3,"column":20}},"3":{"start":{"line":4,"column":0},"end":{"line":4,"column":27}},"5":{"start":{"line":6,"column":0},"end":{"line":6,"column":52}},"6":{"start":{"line":7,"column":0},"end":{"line":7,"column":14}},"7":{"start":{"line":8,"column":0},"end":{"line":8,"column":11}},"8":{"start":{"line":9,"column":0},"end":{"line":9,"column":16}},"9":{"start":{"line":10,"column":0},"end":{"line":10,"column":1}}},"s":{"0":0,"1":0,"2":0,"3":0,"5":0,"6":0,"7":0,"8":0,"9":0},"branchMap":{"0":{"type":"branch","line":1,"loc":{"start":{"line":1,"column":203},"end":{"line":10,"column":-148}},"locations":[{"start":{"line":1,"column":203},"end":{"line":10,"column":-148}}]}},"b":{"0":[0]},"fnMap":{"0":{"name":"(empty-report)","decl":{"start":{"line":1,"column":203},"end":{"line":10,"column":-148}},"loc":{"start":{"line":1,"column":203},"end":{"line":10,"column":-148}},"line":1}},"f":{"0":0}}
[...]
":43},"end":{"line":303,"column":28}}]},"86":{"type":"branch","line":292,"loc":{"start":{"line":292,"column":37},"end":{"line":294,"column":9}},"locations":[{"start":{"line":292,"column":37},"end":{"line":294,"column":9}}]},"87":{"type":"branch","line":293,"loc":{"start":{"line":293,"column":89},"end":{"line":299,"column":27}},"locations":[{"start":{"line":293,"column":89},"end":{"line":299,"column":27}}]},"88":{"type":"branch","line":298,"loc":{"start":{"line":298,"column":40},"end":{"line":300,"column":3}},"locations":[{"start":{"line":298,"column":40},"end":{"line":300,"column":3}}]},"89":{"type":"branch","line":305,"loc":{"start":{"line":305,"column":6},"end":{"line":307,"column":8}},"locations":[{"start":{"line":305,"column":6},"end":{"line":307,"column":8}}]},"90":{"type":"branch","line":305,"loc":{"start":{"line":305,"column":36},"end":{"line":356,"column":2}},"locations":[{"start":{"line":305,"column":36},"end":{"line":356,"column":2}}]},"91":{"type":"branch","line":313,"loc":{"start":{"line":313,"column":39},"end":{"line":330,"column":5}},"locations":[{"start":{"line":313,"column":39},"end":{"line":330,"column":5}}]},"92":{"type":"branch","line":317,"loc":{"start":{"line":317,"column":28},"end":{"line":329,"column":9}},"locations":[{"start":{"line":317,"column":28},"end":{"line":329,"column":9}}]},"93":{"type":"branch","line":319,"loc":{"start":{"line":319,"column":29},"end":{"line":328,"column":13}},"locations":[{"start":{"line":319,"column":29},"end":{"line":328,"column":13}}]},"94":{"type":"branch","line":315,"loc":{"start":{"line":315,"column":45},"end":{"line":335,"column":26}},"locations":[{"start":{"line":315,"column":45},"end":{"line":335,"column":26}}]},"95":{"type":"branch","line":321,"loc":{"start":{"line":321,"column":20},"end":{"line":335,"column":26}},"locations":[{"start":{"line":321,"column":20},"end":{"line":335,"column":26}}]},"96":{"type":"branch","line":322,"loc":{"start":{"line":322,"column":32},"end":{"line":335,"column":14}},"locations":[{"start":{"line":322,"column":32},"end":{"line":335,"column":14}}]},"97":{"type":"branch","line":320,"loc":{"start":{"line":320,"column":47},"end":{"line":327,"column":19}},"locations":[{"start":{"line":320,"column":47},"end":{"line":327,"column":19}}]},"98":{"type":"branch","line":323,"loc":{"start":{"line":323,"column":24},"end":{"line":334,"column":37}},"locations":[{"start":{"line":323,"column":24},"end":{"line":334,"column":37}}]},"99":{"type":"branch","line":333,"loc":{"start":{"line":333,"column":38},"end":{"line":355,"column":5}},"locations":[{"start":{"line":333,"column":38},"end":{"line":355,"column":5}}]},"100":{"type":"branch","line":335,"loc":{"start":{"line":335,"column":42},"end":{"line":335,"column":62}},"locations":[{"start":{"line":335,"column":42},"end":{"line":335,"column":62}}]},"101":{"type":"branch","line":335,"loc":{"start":{"line":335,"column":58},"end":{"line":335,"column":65}},"locations":[{"start":{"line":335,"column":58},"end":{"line":335,"column":65}}]},"102":{"type":"branch","line":342,"loc":{"start":{"line":342,"column":45},"end":{"line":346,"column":13}},"locations":[{"start":{"line":342,"column":45},"end":{"line":346,"column":13}}]},"103":{"type":"branch","line":338,"loc":{"start":{"line":338,"column":12},"end":{"line":338,"column":37}},"locations":[{"start":{"line":338,"column":12},"end":{"line":338,"column":37}}]},"104":{"type":"branch","line":338,"loc":{"start":{"line":338,"column":12},"end":{"line":338,"column":37}},"locations":[{"start":{"line":338,"column":12},"end":{"line":338,"column":37}}]},"105":{"type":"branch","line":344,"loc":{"start":{"line":344,"column":51},"end":{"line":352,"column":42}},"locations":[{"start":{"line":344,"column":51},"end":{"line":352,"column":42}}]},"106":{"type":"branch","line":360,"loc":{"start":{"line":360,"column":8},"end":{"line":360,"column":57}},"locations":[{"start":{"line":360,"column":8},"end":{"line":360,"column":57}}]}},"b":{"0":[0],"1":[0],"2":[12],"3":[9],"4":[0],"5":[2],"6":[9],"7":[2],"8":[0],"9":[39],"10":[0],"11":[38],"12":[37],"13":[2],"14":[37],"15":[0],"16":[37],"17":[37],"18":[14],"19":[8],"20":[0],"21":[0],"22":[8],"23":[29],"24":[21],"25":[34],"26":[3],"27":[37],"28":[0],"29":[34],"30":[0],"31":[0],"32":[0],"33":[9],"34":[2],"35":[1],"36":[1],"37":[2],"38":[1],"39":[0],"40":[1],"41":[2],"42":[1],"43":[1],"44":[1],"45":[0],"46":[1],"47":[1],"48":[1],"49":[2],"50":[1],"51":[1],"52":[0],"53":[0],"54":[54],"55":[6],"56":[48],"57":[6],"58":[0],"59":[42],"60":[6],"61":[8],"62":[2],"63":[1],"64":[6],"65":[2],"66":[2],"67":[4],"68":[1],"69":[3],"70":[2],"71":[2],"72":[1],"73":[1],"74":[8],"75":[2],"76":[2],"77":[0],"78":[8],"79":[0],"80":[2],"81":[3],"82":[2],"83":[8],"84":[19],"85":[16],"86":[1],"87":[8],"88":[1],"89":[8],"90":[2],"91":[16],"92":[6],"93":[1],"94":[96],"95":[36],"96":[6],"97":[1],"98":[6],"99":[10],"100":[5],"101":[5],"102":[1],"103":[35],"104":[35],"105":[7],"106":[1]},"fnMap":{"0":{"name":"scrapePage","decl":{"start":{"line":15,"column":26},"end":{"line":66,"column":2}},"loc":{"start":{"line":15,"column":26},"end":{"line":66,"column":2}},"line":15},"1":{"name":"resetAdaptations","decl":{"start":{"line":68,"column":25},"end":{"line":75,"column":2}},"loc":{"start":{"line":68,"column":25},"end":{"line":75,"column":2}},"line":68},"2":{"name":"applyBionicReading","decl":{"start":{"line":77,"column":27},"end":{"line":99,"column":2}},"loc":{"start":{"line":77,"column":27},"end":{"line":99,"column":2}},"line":77},"3":{"name":"applyAdaptations","decl":{"start":{"line":101,"column":25},"end":{"line":135,"column":2}},"loc":{"start":{"line":101,"column":25},"end":{"line":135,"column":2}},"line":101},"4":{"name":"FloatingContainer","decl":{"start":{"line":239,"column":26},"end":{"line":267,"column":53}},"loc":{"start":{"line":239,"column":26},"end":{"line":267,"column":53}},"line":239},"5":{"name":"FloatingContainer","decl":{"start":{"line":239,"column":26},"end":{"line":263,"column":2}},"loc":{"start":{"line":239,"column":26},"end":{"line":263,"column":2}},"line":239},"6":{"name":"onSettingsOpen","decl":{"start":{"line":258,"column":85},"end":{"line":258,"column":115}},"loc":{"start":{"line":258,"column":85},"end":{"line":258,"column":115}},"line":258},"7":{"name":"initFloatingUI","decl":{"start":{"line":265,"column":23},"end":{"line":275,"column":2}},"loc":{"start":{"line":265,"column":23},"end":{"line":275,"column":2}},"line":265},"8":{"name":"initFloatingUI","decl":{"start":{"line":269,"column":10},"end":{"line":281,"column":64}},"loc":{"start":{"line":269,"column":10},"end":{"line":281,"column":64}},"line":269},"9":{"name":"initializePrefetchListeners","decl":{"start":{"line":284,"column":36},"end":{"line":301,"column":2}},"loc":{"start":{"line":284,"column":36},"end":{"line":301,"column":2}},"line":284},"10":{"name":"initializePrefetchListeners","decl":{"start":{"line":288,"column":42},"end":{"line":307,"column":8}},"loc":{"start":{"line":288,"column":42},"end":{"line":307,"column":8}},"line":288},"11":{"name":"initializeStruggleDetection","decl":{"start":{"line":305,"column":36},"end":{"line":356,"column":2}},"loc":{"start":{"line":305,"column":36},"end":{"line":356,"column":2}},"line":305}},"f":{"0":12,"1":9,"2":2,"3":2,"4":8,"5":2,"6":0,"7":2,"8":8,"9":2,"10":8,"11":2}}
,"/Users/zhoufu/project/iNTUition/extension/src/services/ToolRouter.ts": {"path":"/Users/zhoufu/project/iNTUition/extension/src/services/ToolRouter.ts","all":false,"statementMap":{"0":{"start":{"line":1,"column":0},"end":{"line":1,"column":55}},"3":{"start":{"line":4,"column":0},"end":{"line":4,"column":18}},"4":{"start":{"line":5,"column":0},"end":{"line":5,"column":49}},"5":{"start":{"line":6,"column":0},"end":{"line":6,"column":60}},"7":{"start":{"line":8,"column":0},"end":{"line":8,"column":23}},"8":{"start":{"line":9,"column":0},"end":{"line":9,"column":30}},"9":{"start":{"line":10,"column":0},"end":{"line":10,"column":50}},"10":{"start":{"line":11,"column":0},"end":{"line":11,"column":14}},"11":{"start":{"line":12,"column":0},"end":{"line":12,"column":22}},"12":{"start":{"line":13,"column":0},"end":{"line":13,"column":42}},"13":{"start":{"line":14,"column":0},"end":{"line":14,"column":14}},"14":{"start":{"line":15,"column":0},"end":{"line":15,"column":14}},"15":{"start":{"line":16,"column":0},"end":{"line":16,"column":60}},"16":{"start":{"line":17,"column":0},"end":{"line":17,"column":5}},"17":{"start":{"line":18,"column":0},"end":{"line":18,"column":3}},"19":{"start":{"line":20,"column":0},"end":{"line":20,"column":49}},"20":{"start":{"line":21,"column":0},"end":{"line":21,"column":42}},"21":{"start":{"line":22,"column":0},"end":{"line":22,"column":59}},"22":{"start":{"line":23,"column":0},"end":{"line":23,"column":3}},"24":{"start":{"line":25,"column":0},"end":{"line":25,"column":41}},"25":{"start":{"line":26,"column":0},"end":{"line":26,"column":48}},"26":{"start":{"line":27,"column":0},"end":{"line":27,"column":3}},"27":{"start":{"line":28,"column":0},"end":{"line":28,"column":1}},"29":{"start":{"line":30,"column":0},"end":{"line":30,"column":43}},"30":{"start":{"line":31,"column":0},"end":{"line":31,"column":26}}},"s":{"0":1,"3":1,"4":1,"5":4,"7":4,"8":4,"9":2,"10":2,"11":4,"12":1,"13":1,"14":4,"15":1,"16":4,"17":4,"19":1,"20":2,"21":1,"22":2,"24":1,"25":1,"26":1,"27":1,"29":1,"30":1},"branchMap":{"0":{"type":"branch","line":5,"loc":{"start":{"line":5,"column":9},"end":{"line":18,"column":3}},"locations":[{"start":{"line":5,"column":9},"end":{"line":18,"column":3}}]},"1":{"type":"branch","line":9,"loc":{"start":{"line":9,"column":6},"end":{"line":11,"column":14}},"locations":[{"start":{"line":9,"column":6},"end":{"line":11,"column":14}}]},"2":{"type":"branch","line":12,"loc":{"start":{"line":12,"column":6},"end":{"line":14,"column":14}},"locations":[{"start":{"line":12,"column":6},"end":{"line":14,"column":14}}]},"3":{"type":"branch","line":15,"loc":{"start":{"line":15,"column":6},"end":{"line":16,"column":60}},"locations":[{"start":{"line":15,"column":6},"end":{"line":16,"column":60}}]},"4":{"type":"branch","line":20,"loc":{"start":{"line":20,"column":10},"end":{"line":23,"column":3}},"locations":[{"start":{"line":20,"column":10},"end":{"line":23,"column":3}}]},"5":{"type":"branch","line":21,"loc":{"start":{"line":21,"column":35},"end":{"line":22,"column":59}},"locations":[{"start":{"line":21,"column":35},"end":{"line":22,"column":59}}]},"6":{"type":"branch","line":25,"loc":{"start":{"line":25,"column":10},"end":{"line":27,"column":3}},"locations":[{"start":{"line":25,"column":10},"end":{"line":27,"column":3}}]}},"b":{"0":[4],"1":[2],"2":[1],"3":[1],"4":[2],"5":[1],"6":[1]},"fnMap":{"0":{"name":"execute","decl":{"start":{"line":5,"column":9},"end":{"line":18,"column":3}},"loc":{"start":{"line":5,"column":9},"end":{"line":18,"column":3}},"line":5},"1":{"name":"handleIncreaseFontSize","decl":{"start":{"line":20,"column":10},"end":{"line":23,"column":3}},"loc":{"start":{"line":20,"column":10},"end":{"line":23,"column":3}},"line":20},"2":{"name":"handleSetTheme","decl":{"start":{"line":25,"column":10},"end":{"line":27,"column":3}},"loc":{"start":{"line":25,"column":10},"end":{"line":27,"column":3}},"line":25}},"f":{"0":4,"1":2,"2":1}}
,"/Users/zhoufu/project/iNTUition/extension/src/services/speechRecognition.ts": {"path":"/Users/zhoufu/project/iNTUition/extension/src/services/speechRecognition.ts","all":false,"statementMap":{"37":{"start":{"line":38,"column":0},"end":{"line":38,"column":94}},"45":{"start":{"line":46,"column":0},"end":{"line":46,"column":39}},"46":{"start":{"line":47,"column":0},"end":{"line":47,"column":107}},"47":{"start":{"line":48,"column":0},"end":{"line":48,"column":30}},"48":{"start":{"line":49,"column":0},"end":{"line":49,"column":51}},"50":{"start":{"line":51,"column":0},"end":{"line":51,"column":57}},"51":{"start":{"line":52,"column":0},"end":{"line":52,"column":53}},"52":{"start":{"line":53,"column":0},"end":{"line":53,"column":29}},"53":{"start":{"line":54,"column":0},"end":{"line":54,"column":82}},"54":{"start":{"line":55,"column":0},"end":{"line":55,"column":5}},"55":{"start":{"line":56,"column":0},"end":{"line":56,"column":27}},"56":{"start":{"line":57,"column":0},"end":{"line":57,"column":47}},"57":{"start":{"line":58,"column":0},"end":{"line":58,"column":39}},"58":{"start":{"line":59,"column":0},"end":{"line":59,"column":44}},"59":{"start":{"line":60,"column":0},"end":{"line":60,"column":36}},"61":{"start":{"line":62,"column":0},"end":{"line":62,"column":68}},"62":{"start":{"line":63,"column":0},"end":{"line":63,"column":31}},"63":{"start":{"line":64,"column":0},"end":{"line":64,"column":70}},"64":{"start":{"line":65,"column":0},"end":{"line":65,"column":39}},"65":{"start":{"line":66,"column":0},"end":{"line":66,"column":60}},"66":{"start":{"line":67,"column":0},"end":{"line":67,"column":9}},"67":{"start":{"line":68,"column":0},"end":{"line":68,"column":7}},"68":{"start":{"line":69,"column":0},"end":{"line":69,"column":66}},"69":{"start":{"line":70,"column":0},"end":{"line":70,"column":6}},"71":{"start":{"line":72,"column":0},"end":{"line":72,"column":36}},"72":{"start":{"line":73,"column":0},"end":{"line":73,"column":29}},"75":{"start":{"line":76,"column":0},"end":{"line":76,"column":33}},"76":{"start":{"line":77,"column":0},"end":{"line":77,"column":7}},"77":{"start":{"line":78,"column":0},"end":{"line":78,"column":31}},"78":{"start":{"line":79,"column":0},"end":{"line":79,"column":29}},"79":{"start":{"line":80,"column":0},"end":{"line":80,"column":7}},"80":{"start":{"line":81,"column":0},"end":{"line":81,"column":6}},"82":{"start":{"line":83,"column":0},"end":{"line":83,"column":72}},"83":{"start":{"line":84,"column":0},"end":{"line":84,"column":61}},"84":{"start":{"line":85,"column":0},"end":{"line":85,"column":33}},"85":{"start":{"line":86,"column":0},"end":{"line":86,"column":36}},"86":{"start":{"line":87,"column":0},"end":{"line":87,"column":7}},"87":{"start":{"line":88,"column":0},"end":{"line":88,"column":6}},"88":{"start":{"line":89,"column":0},"end":{"line":89,"column":3}},"90":{"start":{"line":91,"column":0},"end":{"line":91,"column":11}},"91":{"start":{"line":92,"column":0},"end":{"line":92,"column":28}},"92":{"start":{"line":93,"column":0},"end":{"line":93,"column":11}},"93":{"start":{"line":94,"column":0},"end":{"line":94,"column":32}},"94":{"start":{"line":95,"column":0},"end":{"line":95,"column":33}},"95":{"start":{"line":96,"column":0},"end":{"line":96,"column":51}},"96":{"start":{"line":97,"column":0},"end":{"line":97,"column":18}},"97":{"start":{"line":98,"column":0},"end":{"line":98,"column":63}},"98":{"start":{"line":99,"column":0},"end":{"line":99,"column":7}},"99":{"start":{"line":100,"column":0},"end":{"line":100,"column":5}},"100":{"start":{"line":101,"column":0},"end":{"line":101,"column":3}},"102":{"start":{"line":103,"column":0},"end":{"line":103,"column":10}},"103":{"start":{"line":104,"column":0},"end":{"line":104,"column":27}},"104":{"start":{"line":105,"column":0},"end":{"line":105,"column":31}},"105":{"start":{"line":106,"column":0},"end":{"line":106,"column":30}},"106":{"start":{"line":107,"column":0},"end":{"line":107,"column":49}},"107":{"start":{"line":108,"column":0},"end":{"line":108,"column":5}},"108":{"start":{"line":109,"column":0},"end":{"line":109,"column":3}},"109":{"start":{"line":110,"column":0},"end":{"line":110,"column":1}}},"s":{"37":1,"45":1,"46":1,"47":8,"48":8,"50":1,"51":8,"52":8,"53":1,"54":1,"55":7,"56":7,"57":7,"58":7,"59":7,"61":7,"62":1,"63":1,"64":1,"65":1,"66":1,"67":1,"68":1,"69":1,"71":7,"72":2,"75":1,"76":1,"77":2,"78":1,"79":1,"80":2,"82":7,"83":1,"84":1,"85":1,"86":1,"87":1,"88":8,"90":1,"91":3,"92":3,"93":3,"94":3,"95":3,"96":3,"97":1,"98":1,"99":3,"100":3,"102":1,"103":1,"104":1,"105":1,"106":1,"107":1,"108":1,"109":1},"branchMap":{"0":{"type":"branch","line":38,"loc":{"start":{"line":38,"column":29},"end":{"line":38,"column":94}},"locations":[{"start":{"line":38,"column":29},"end":{"line":38,"column":94}}]},"1":{"type":"branch","line":38,"loc":{"start":{"line":38,"column":42},"end":{"line":38,"column":94}},"locations":[{"start":{"line":38,"column":42},"end":{"line":38,"column":94}}]},"2":{"type":"branch","line":47,"loc":{"start":{"line":47,"column":10},"end":{"line":49,"column":51}},"locations":[{"start":{"line":47,"column":10},"end":{"line":49,"column":51}}]},"3":{"type":"branch","line":51,"loc":{"start":{"line":51,"column":2},"end":{"line":89,"column":3}},"locations":[{"start":{"line":51,"column":2},"end":{"line":89,"column":3}}]},"4":{"type":"branch","line":53,"loc":{"start":{"line":53,"column":28},"end":{"line":55,"column":5}},"locations":[{"start":{"line":53,"column":28},"end":{"line":55,"column":5}}]},"5":{"type":"branch","line":55,"loc":{"start":{"line":55,"column":4},"end":{"line":88,"column":6}},"locations":[{"start":{"line":55,"column":4},"end":{"line":88,"column":6}}]},"6":{"type":"branch","line":62,"loc":{"start":{"line":62,"column":32},"end":{"line":70,"column":6}},"locations":[{"start":{"line":62,"column":32},"end":{"line":70,"column":6}}]},"7":{"type":"branch","line":72,"loc":{"start":{"line":72,"column":29},"end":{"line":81,"column":6}},"locations":[{"start":{"line":72,"column":29},"end":{"line":81,"column":6}}]},"8":{"type":"branch","line":73,"loc":{"start":{"line":73,"column":28},"end":{"line":77,"column":7}},"locations":[{"start":{"line":73,"column":28},"end":{"line":77,"column":7}}]},"9":{"type":"branch","line":78,"loc":{"start":{"line":78,"column":30},"end":{"line":80,"column":7}},"locations":[{"start":{"line":78,"column":30},"end":{"line":80,"column":7}}]},"10":{"type":"branch","line":83,"loc":{"start":{"line":83,"column":31},"end":{"line":88,"column":6}},"locations":[{"start":{"line":83,"column":31},"end":{"line":88,"column":6}}]},"11":{"type":"branch","line":91,"loc":{"start":{"line":91,"column":2},"end":{"line":101,"column":3}},"locations":[{"start":{"line":91,"column":2},"end":{"line":101,"column":3}}]},"12":{"type":"branch","line":97,"loc":{"start":{"line":97,"column":6},"end":{"line":99,"column":7}},"locations":[{"start":{"line":97,"column":6},"end":{"line":99,"column":7}}]},"13":{"type":"branch","line":103,"loc":{"start":{"line":103,"column":2},"end":{"line":109,"column":3}},"locations":[{"start":{"line":103,"column":2},"end":{"line":109,"column":3}}]}},"b":{"0":[8],"1":[1],"2":[8],"3":[8],"4":[1],"5":[7],"6":[1],"7":[2],"8":[1],"9":[1],"10":[1],"11":[3],"12":[1],"13":[1]},"fnMap":{"0":{"name":"getSpeechRecognition","decl":{"start":{"line":38,"column":29},"end":{"line":38,"column":94}},"loc":{"start":{"line":38,"column":29},"end":{"line":38,"column":94}},"line":38},"1":{"name":"<instance_members_initializer>","decl":{"start":{"line":47,"column":10},"end":{"line":49,"column":51}},"loc":{"start":{"line":47,"column":10},"end":{"line":49,"column":51}},"line":47},"2":{"name":"SpeechRecognitionService","decl":{"start":{"line":51,"column":2},"end":{"line":89,"column":3}},"loc":{"start":{"line":51,"column":2},"end":{"line":89,"column":3}},"line":51},"3":{"name":"SpeechRecognitionService.recognition.onresult","decl":{"start":{"line":62,"column":32},"end":{"line":70,"column":6}},"loc":{"start":{"line":62,"column":32},"end":{"line":70,"column":6}},"line":62},"4":{"name":"SpeechRecognitionService.recognition.onend","decl":{"start":{"line":72,"column":29},"end":{"line":81,"column":6}},"loc":{"start":{"line":72,"column":29},"end":{"line":81,"column":6}},"line":72},"5":{"name":"SpeechRecognitionService.recognition.onerror","decl":{"start":{"line":83,"column":31},"end":{"line":88,"column":6}},"loc":{"start":{"line":83,"column":31},"end":{"line":88,"column":6}},"line":83},"6":{"name":"start","decl":{"start":{"line":91,"column":2},"end":{"line":101,"column":3}},"loc":{"start":{"line":91,"column":2},"end":{"line":101,"column":3}},"line":91},"7":{"name":"stop","decl":{"start":{"line":103,"column":2},"end":{"line":109,"column":3}},"loc":{"start":{"line":103,"column":2},"end":{"line":109,"column":3}},"line":103}},"f":{"0":8,"1":8,"2":8,"3":1,"4":2,"5":1,"6":3,"7":1}}
}
